 INFO [main] context.ContextLoader.[] 2017-10-08 13:21:48,231 - Root WebApplicationContext: initialization started
 INFO [main] support.XmlWebApplicationContext.[] 2017-10-08 13:21:48,271 - Refreshing Root WebApplicationContext: startup date [Sun Oct 08 13:21:48 BST 2017]; root of context hierarchy
 INFO [main] xml.XmlBeanDefinitionReader.[] 2017-10-08 13:21:48,296 - Loading XML bean definitions from ServletContext resource [/WEB-INF/context/applicationContext.xml]
 INFO [main] config.PropertyPlaceholderConfigurer.[] 2017-10-08 13:21:48,368 - Loading properties file from class path resource [datasource.properties]
 INFO [main] support.DefaultListableBeanFactory.[] 2017-10-08 13:21:48,382 - Pre-instantiating singletons in org.springframework.beans.factory.support.DefaultListableBeanFactory@58894c37: defining beans [propertyConfigurer,messageSource,bookmarkSetOwnerResolver,bookmarkSetNameResolver,bookmarkSetRequestResolver,preferencesRequestResolver,viewResolver,bookmarkStore,bookmarkStoreTarget,preferencesStore,preferencesStoreTarget,abstractStoreTransactionProxy,abstractHibernateTemplate,transactionManager,sessionFactory,dataSource,exporter,hibernateStatisticsBean]; root of factory hierarchy
 INFO [main] datasource.DriverManagerDataSource.[] 2017-10-08 13:21:48,401 - Loaded JDBC driver: com.mysql.jdbc.Driver
 INFO [main] hibernate3.LocalSessionFactoryBean.[] 2017-10-08 13:21:48,602 - Building new Hibernate SessionFactory
 INFO [main] hibernate3.HibernateTransactionManager.[] 2017-10-08 13:21:49,054 - Using DataSource [org.springframework.jdbc.datasource.DriverManagerDataSource@67e7197d] of Hibernate SessionFactory for HibernateTransactionManager
 INFO [main] export.MBeanExporter.[] 2017-10-08 13:21:49,099 - Registering beans for JMX exposure on startup
 INFO [main] export.MBeanExporter.[] 2017-10-08 13:21:49,100 - Located MBean 'BookmarkPortlets:name=HibernateStatistics': registering with JMX server as MBean [BookmarkPortlets:name=HibernateStatistics]
 INFO [main] context.ContextLoader.[] 2017-10-08 13:21:49,103 - Root WebApplicationContext: initialization completed in 871 ms
 INFO [main] support.XmlWebApplicationContext.[] 2017-10-08 13:23:17,067 - Closing Root WebApplicationContext: startup date [Sun Oct 08 13:21:48 BST 2017]; root of context hierarchy
 INFO [main] support.DefaultListableBeanFactory.[] 2017-10-08 13:23:17,068 - Destroying singletons in org.springframework.beans.factory.support.DefaultListableBeanFactory@58894c37: defining beans [propertyConfigurer,messageSource,bookmarkSetOwnerResolver,bookmarkSetNameResolver,bookmarkSetRequestResolver,preferencesRequestResolver,viewResolver,bookmarkStore,bookmarkStoreTarget,preferencesStore,preferencesStoreTarget,abstractStoreTransactionProxy,abstractHibernateTemplate,transactionManager,sessionFactory,dataSource,exporter,hibernateStatisticsBean]; root of factory hierarchy
 INFO [main] export.MBeanExporter.[] 2017-10-08 13:23:17,068 - Unregistering JMX-exposed beans on shutdown
 INFO [main] hibernate3.LocalSessionFactoryBean.[] 2017-10-08 13:23:17,068 - Closing Hibernate SessionFactory
 INFO [main] context.ContextLoader.[] 2017-10-08 13:23:41,463 - Root WebApplicationContext: initialization started
 INFO [main] support.XmlWebApplicationContext.[] 2017-10-08 13:23:41,502 - Refreshing Root WebApplicationContext: startup date [Sun Oct 08 13:23:41 BST 2017]; root of context hierarchy
 INFO [main] xml.XmlBeanDefinitionReader.[] 2017-10-08 13:23:41,526 - Loading XML bean definitions from ServletContext resource [/WEB-INF/context/applicationContext.xml]
 INFO [main] config.PropertyPlaceholderConfigurer.[] 2017-10-08 13:23:41,596 - Loading properties file from class path resource [datasource.properties]
 INFO [main] support.DefaultListableBeanFactory.[] 2017-10-08 13:23:41,609 - Pre-instantiating singletons in org.springframework.beans.factory.support.DefaultListableBeanFactory@e5d994d: defining beans [propertyConfigurer,messageSource,bookmarkSetOwnerResolver,bookmarkSetNameResolver,bookmarkSetRequestResolver,preferencesRequestResolver,viewResolver,bookmarkStore,bookmarkStoreTarget,preferencesStore,preferencesStoreTarget,abstractStoreTransactionProxy,abstractHibernateTemplate,transactionManager,sessionFactory,dataSource,exporter,hibernateStatisticsBean]; root of factory hierarchy
 INFO [main] datasource.DriverManagerDataSource.[] 2017-10-08 13:23:41,633 - Loaded JDBC driver: com.mysql.jdbc.Driver
 INFO [main] hibernate3.LocalSessionFactoryBean.[] 2017-10-08 13:23:41,805 - Building new Hibernate SessionFactory
 INFO [main] hibernate3.HibernateTransactionManager.[] 2017-10-08 13:23:42,219 - Using DataSource [org.springframework.jdbc.datasource.DriverManagerDataSource@53e6cf14] of Hibernate SessionFactory for HibernateTransactionManager
 INFO [main] export.MBeanExporter.[] 2017-10-08 13:23:42,264 - Registering beans for JMX exposure on startup
 INFO [main] export.MBeanExporter.[] 2017-10-08 13:23:42,265 - Located MBean 'BookmarkPortlets:name=HibernateStatistics': registering with JMX server as MBean [BookmarkPortlets:name=HibernateStatistics]
 INFO [main] context.ContextLoader.[] 2017-10-08 13:23:42,268 - Root WebApplicationContext: initialization completed in 804 ms
 INFO [main] support.XmlWebApplicationContext.[] 2017-10-08 13:29:46,121 - Closing Root WebApplicationContext: startup date [Sun Oct 08 13:23:41 BST 2017]; root of context hierarchy
 INFO [main] support.DefaultListableBeanFactory.[] 2017-10-08 13:29:46,121 - Destroying singletons in org.springframework.beans.factory.support.DefaultListableBeanFactory@e5d994d: defining beans [propertyConfigurer,messageSource,bookmarkSetOwnerResolver,bookmarkSetNameResolver,bookmarkSetRequestResolver,preferencesRequestResolver,viewResolver,bookmarkStore,bookmarkStoreTarget,preferencesStore,preferencesStoreTarget,abstractStoreTransactionProxy,abstractHibernateTemplate,transactionManager,sessionFactory,dataSource,exporter,hibernateStatisticsBean]; root of factory hierarchy
 INFO [main] export.MBeanExporter.[] 2017-10-08 13:29:46,121 - Unregistering JMX-exposed beans on shutdown
 INFO [main] hibernate3.LocalSessionFactoryBean.[] 2017-10-08 13:29:46,122 - Closing Hibernate SessionFactory
 INFO [main] context.ContextLoader.[] 2017-10-08 13:30:01,796 - Root WebApplicationContext: initialization started
 INFO [main] support.XmlWebApplicationContext.[] 2017-10-08 13:30:01,833 - Refreshing Root WebApplicationContext: startup date [Sun Oct 08 13:30:01 BST 2017]; root of context hierarchy
 INFO [main] xml.XmlBeanDefinitionReader.[] 2017-10-08 13:30:01,856 - Loading XML bean definitions from ServletContext resource [/WEB-INF/context/applicationContext.xml]
 INFO [main] config.PropertyPlaceholderConfigurer.[] 2017-10-08 13:30:01,924 - Loading properties file from class path resource [datasource.properties]
 INFO [main] support.DefaultListableBeanFactory.[] 2017-10-08 13:30:01,938 - Pre-instantiating singletons in org.springframework.beans.factory.support.DefaultListableBeanFactory@e5d994d: defining beans [propertyConfigurer,messageSource,bookmarkSetOwnerResolver,bookmarkSetNameResolver,bookmarkSetRequestResolver,preferencesRequestResolver,viewResolver,bookmarkStore,bookmarkStoreTarget,preferencesStore,preferencesStoreTarget,abstractStoreTransactionProxy,abstractHibernateTemplate,transactionManager,sessionFactory,dataSource,exporter,hibernateStatisticsBean]; root of factory hierarchy
 INFO [main] datasource.DriverManagerDataSource.[] 2017-10-08 13:30:01,955 - Loaded JDBC driver: com.mysql.jdbc.Driver
 INFO [main] hibernate3.LocalSessionFactoryBean.[] 2017-10-08 13:30:02,126 - Building new Hibernate SessionFactory
 INFO [main] hibernate3.HibernateTransactionManager.[] 2017-10-08 13:30:02,566 - Using DataSource [org.springframework.jdbc.datasource.DriverManagerDataSource@53e6cf14] of Hibernate SessionFactory for HibernateTransactionManager
 INFO [main] export.MBeanExporter.[] 2017-10-08 13:30:02,630 - Registering beans for JMX exposure on startup
 INFO [main] export.MBeanExporter.[] 2017-10-08 13:30:02,631 - Located MBean 'BookmarkPortlets:name=HibernateStatistics': registering with JMX server as MBean [BookmarkPortlets:name=HibernateStatistics]
 INFO [main] context.ContextLoader.[] 2017-10-08 13:30:02,634 - Root WebApplicationContext: initialization completed in 838 ms
 INFO [main] support.XmlWebApplicationContext.[] 2017-10-08 13:33:03,206 - Closing Root WebApplicationContext: startup date [Sun Oct 08 13:30:01 BST 2017]; root of context hierarchy
 INFO [main] support.DefaultListableBeanFactory.[] 2017-10-08 13:33:03,206 - Destroying singletons in org.springframework.beans.factory.support.DefaultListableBeanFactory@e5d994d: defining beans [propertyConfigurer,messageSource,bookmarkSetOwnerResolver,bookmarkSetNameResolver,bookmarkSetRequestResolver,preferencesRequestResolver,viewResolver,bookmarkStore,bookmarkStoreTarget,preferencesStore,preferencesStoreTarget,abstractStoreTransactionProxy,abstractHibernateTemplate,transactionManager,sessionFactory,dataSource,exporter,hibernateStatisticsBean]; root of factory hierarchy
 INFO [main] export.MBeanExporter.[] 2017-10-08 13:33:03,207 - Unregistering JMX-exposed beans on shutdown
 INFO [main] hibernate3.LocalSessionFactoryBean.[] 2017-10-08 13:33:03,207 - Closing Hibernate SessionFactory
 INFO [main] context.ContextLoader.[] 2017-10-08 13:33:46,468 - Root WebApplicationContext: initialization started
 INFO [main] support.XmlWebApplicationContext.[] 2017-10-08 13:33:46,506 - Refreshing Root WebApplicationContext: startup date [Sun Oct 08 13:33:46 BST 2017]; root of context hierarchy
 INFO [main] xml.XmlBeanDefinitionReader.[] 2017-10-08 13:33:46,529 - Loading XML bean definitions from ServletContext resource [/WEB-INF/context/applicationContext.xml]
 INFO [main] config.PropertyPlaceholderConfigurer.[] 2017-10-08 13:33:46,598 - Loading properties file from class path resource [datasource.properties]
 INFO [main] support.DefaultListableBeanFactory.[] 2017-10-08 13:33:46,612 - Pre-instantiating singletons in org.springframework.beans.factory.support.DefaultListableBeanFactory@e5d994d: defining beans [propertyConfigurer,messageSource,bookmarkSetOwnerResolver,bookmarkSetNameResolver,bookmarkSetRequestResolver,preferencesRequestResolver,viewResolver,bookmarkStore,bookmarkStoreTarget,preferencesStore,preferencesStoreTarget,abstractStoreTransactionProxy,abstractHibernateTemplate,transactionManager,sessionFactory,dataSource,exporter,hibernateStatisticsBean]; root of factory hierarchy
 INFO [main] datasource.DriverManagerDataSource.[] 2017-10-08 13:33:46,629 - Loaded JDBC driver: com.mysql.jdbc.Driver
 INFO [main] hibernate3.LocalSessionFactoryBean.[] 2017-10-08 13:33:46,798 - Building new Hibernate SessionFactory
 INFO [main] hibernate3.HibernateTransactionManager.[] 2017-10-08 13:33:47,215 - Using DataSource [org.springframework.jdbc.datasource.DriverManagerDataSource@53e6cf14] of Hibernate SessionFactory for HibernateTransactionManager
 INFO [main] export.MBeanExporter.[] 2017-10-08 13:33:47,260 - Registering beans for JMX exposure on startup
 INFO [main] export.MBeanExporter.[] 2017-10-08 13:33:47,260 - Located MBean 'BookmarkPortlets:name=HibernateStatistics': registering with JMX server as MBean [BookmarkPortlets:name=HibernateStatistics]
 INFO [main] context.ContextLoader.[] 2017-10-08 13:33:47,263 - Root WebApplicationContext: initialization completed in 795 ms
 INFO [main] support.XmlWebApplicationContext.[] 2017-10-08 13:35:07,159 - Closing Root WebApplicationContext: startup date [Sun Oct 08 13:33:46 BST 2017]; root of context hierarchy
 INFO [main] support.DefaultListableBeanFactory.[] 2017-10-08 13:35:07,159 - Destroying singletons in org.springframework.beans.factory.support.DefaultListableBeanFactory@e5d994d: defining beans [propertyConfigurer,messageSource,bookmarkSetOwnerResolver,bookmarkSetNameResolver,bookmarkSetRequestResolver,preferencesRequestResolver,viewResolver,bookmarkStore,bookmarkStoreTarget,preferencesStore,preferencesStoreTarget,abstractStoreTransactionProxy,abstractHibernateTemplate,transactionManager,sessionFactory,dataSource,exporter,hibernateStatisticsBean]; root of factory hierarchy
 INFO [main] export.MBeanExporter.[] 2017-10-08 13:35:07,159 - Unregistering JMX-exposed beans on shutdown
 INFO [main] hibernate3.LocalSessionFactoryBean.[] 2017-10-08 13:35:07,160 - Closing Hibernate SessionFactory
 INFO [main] context.ContextLoader.[] 2017-10-08 13:35:52,082 - Root WebApplicationContext: initialization started
 INFO [main] support.XmlWebApplicationContext.[] 2017-10-08 13:35:52,121 - Refreshing Root WebApplicationContext: startup date [Sun Oct 08 13:35:52 BST 2017]; root of context hierarchy
 INFO [main] xml.XmlBeanDefinitionReader.[] 2017-10-08 13:35:52,146 - Loading XML bean definitions from ServletContext resource [/WEB-INF/context/applicationContext.xml]
 INFO [main] config.PropertyPlaceholderConfigurer.[] 2017-10-08 13:35:52,218 - Loading properties file from class path resource [datasource.properties]
 INFO [main] support.DefaultListableBeanFactory.[] 2017-10-08 13:35:52,231 - Pre-instantiating singletons in org.springframework.beans.factory.support.DefaultListableBeanFactory@495c49a3: defining beans [propertyConfigurer,messageSource,bookmarkSetOwnerResolver,bookmarkSetNameResolver,bookmarkSetRequestResolver,preferencesRequestResolver,viewResolver,bookmarkStore,bookmarkStoreTarget,preferencesStore,preferencesStoreTarget,abstractStoreTransactionProxy,abstractHibernateTemplate,transactionManager,sessionFactory,dataSource,exporter,hibernateStatisticsBean]; root of factory hierarchy
 INFO [main] datasource.DriverManagerDataSource.[] 2017-10-08 13:35:52,249 - Loaded JDBC driver: com.mysql.jdbc.Driver
 INFO [main] hibernate3.LocalSessionFactoryBean.[] 2017-10-08 13:35:52,419 - Building new Hibernate SessionFactory
 INFO [main] hibernate3.HibernateTransactionManager.[] 2017-10-08 13:35:52,733 - Using DataSource [org.springframework.jdbc.datasource.DriverManagerDataSource@3c19e1a4] of Hibernate SessionFactory for HibernateTransactionManager
 INFO [main] export.MBeanExporter.[] 2017-10-08 13:35:52,775 - Registering beans for JMX exposure on startup
 INFO [main] export.MBeanExporter.[] 2017-10-08 13:35:52,775 - Located MBean 'BookmarkPortlets:name=HibernateStatistics': registering with JMX server as MBean [BookmarkPortlets:name=HibernateStatistics]
 INFO [main] context.ContextLoader.[] 2017-10-08 13:35:52,778 - Root WebApplicationContext: initialization completed in 696 ms
 INFO [ContainerBackgroundProcessor[StandardEngine[Catalina]]] support.XmlWebApplicationContext.[] 2017-10-08 13:38:12,872 - Closing Root WebApplicationContext: startup date [Sun Oct 08 13:35:52 BST 2017]; root of context hierarchy
 INFO [ContainerBackgroundProcessor[StandardEngine[Catalina]]] support.DefaultListableBeanFactory.[] 2017-10-08 13:38:12,873 - Destroying singletons in org.springframework.beans.factory.support.DefaultListableBeanFactory@495c49a3: defining beans [propertyConfigurer,messageSource,bookmarkSetOwnerResolver,bookmarkSetNameResolver,bookmarkSetRequestResolver,preferencesRequestResolver,viewResolver,bookmarkStore,bookmarkStoreTarget,preferencesStore,preferencesStoreTarget,abstractStoreTransactionProxy,abstractHibernateTemplate,transactionManager,sessionFactory,dataSource,exporter,hibernateStatisticsBean]; root of factory hierarchy
 INFO [ContainerBackgroundProcessor[StandardEngine[Catalina]]] export.MBeanExporter.[] 2017-10-08 13:38:12,873 - Unregistering JMX-exposed beans on shutdown
 INFO [ContainerBackgroundProcessor[StandardEngine[Catalina]]] hibernate3.LocalSessionFactoryBean.[] 2017-10-08 13:38:12,873 - Closing Hibernate SessionFactory
 INFO [ContainerBackgroundProcessor[StandardEngine[Catalina]]] context.ContextLoader.[] 2017-10-08 13:38:13,412 - Root WebApplicationContext: initialization started
 INFO [ContainerBackgroundProcessor[StandardEngine[Catalina]]] support.XmlWebApplicationContext.[] 2017-10-08 13:38:13,464 - Refreshing Root WebApplicationContext: startup date [Sun Oct 08 13:38:13 BST 2017]; root of context hierarchy
 INFO [ContainerBackgroundProcessor[StandardEngine[Catalina]]] xml.XmlBeanDefinitionReader.[] 2017-10-08 13:38:13,494 - Loading XML bean definitions from ServletContext resource [/WEB-INF/context/applicationContext.xml]
 INFO [ContainerBackgroundProcessor[StandardEngine[Catalina]]] config.PropertyPlaceholderConfigurer.[] 2017-10-08 13:38:13,582 - Loading properties file from class path resource [datasource.properties]
 INFO [ContainerBackgroundProcessor[StandardEngine[Catalina]]] support.DefaultListableBeanFactory.[] 2017-10-08 13:38:13,598 - Pre-instantiating singletons in org.springframework.beans.factory.support.DefaultListableBeanFactory@611d651b: defining beans [propertyConfigurer,messageSource,bookmarkSetOwnerResolver,bookmarkSetNameResolver,bookmarkSetRequestResolver,preferencesRequestResolver,viewResolver,bookmarkStore,bookmarkStoreTarget,preferencesStore,preferencesStoreTarget,abstractStoreTransactionProxy,abstractHibernateTemplate,transactionManager,sessionFactory,dataSource,exporter,hibernateStatisticsBean]; root of factory hierarchy
 INFO [ContainerBackgroundProcessor[StandardEngine[Catalina]]] datasource.DriverManagerDataSource.[] 2017-10-08 13:38:13,619 - Loaded JDBC driver: com.mysql.jdbc.Driver
 INFO [ContainerBackgroundProcessor[StandardEngine[Catalina]]] hibernate3.LocalSessionFactoryBean.[] 2017-10-08 13:38:13,829 - Building new Hibernate SessionFactory
 INFO [ContainerBackgroundProcessor[StandardEngine[Catalina]]] hibernate3.HibernateTransactionManager.[] 2017-10-08 13:38:14,217 - Using DataSource [org.springframework.jdbc.datasource.DriverManagerDataSource@505a910c] of Hibernate SessionFactory for HibernateTransactionManager
 INFO [ContainerBackgroundProcessor[StandardEngine[Catalina]]] export.MBeanExporter.[] 2017-10-08 13:38:14,267 - Registering beans for JMX exposure on startup
 INFO [ContainerBackgroundProcessor[StandardEngine[Catalina]]] export.MBeanExporter.[] 2017-10-08 13:38:14,268 - Located MBean 'BookmarkPortlets:name=HibernateStatistics': registering with JMX server as MBean [BookmarkPortlets:name=HibernateStatistics]
 INFO [ContainerBackgroundProcessor[StandardEngine[Catalina]]] context.ContextLoader.[] 2017-10-08 13:38:14,272 - Root WebApplicationContext: initialization completed in 859 ms
 INFO [ContainerBackgroundProcessor[StandardEngine[Catalina]]] support.XmlWebApplicationContext.[] 2017-10-08 13:39:51,301 - Closing Root WebApplicationContext: startup date [Sun Oct 08 13:38:13 BST 2017]; root of context hierarchy
 INFO [ContainerBackgroundProcessor[StandardEngine[Catalina]]] support.DefaultListableBeanFactory.[] 2017-10-08 13:39:51,301 - Destroying singletons in org.springframework.beans.factory.support.DefaultListableBeanFactory@611d651b: defining beans [propertyConfigurer,messageSource,bookmarkSetOwnerResolver,bookmarkSetNameResolver,bookmarkSetRequestResolver,preferencesRequestResolver,viewResolver,bookmarkStore,bookmarkStoreTarget,preferencesStore,preferencesStoreTarget,abstractStoreTransactionProxy,abstractHibernateTemplate,transactionManager,sessionFactory,dataSource,exporter,hibernateStatisticsBean]; root of factory hierarchy
 INFO [ContainerBackgroundProcessor[StandardEngine[Catalina]]] export.MBeanExporter.[] 2017-10-08 13:39:51,302 - Unregistering JMX-exposed beans on shutdown
 INFO [ContainerBackgroundProcessor[StandardEngine[Catalina]]] hibernate3.LocalSessionFactoryBean.[] 2017-10-08 13:39:51,302 - Closing Hibernate SessionFactory
 INFO [ContainerBackgroundProcessor[StandardEngine[Catalina]]] context.ContextLoader.[] 2017-10-08 13:39:51,835 - Root WebApplicationContext: initialization started
 INFO [ContainerBackgroundProcessor[StandardEngine[Catalina]]] support.XmlWebApplicationContext.[] 2017-10-08 13:39:51,881 - Refreshing Root WebApplicationContext: startup date [Sun Oct 08 13:39:51 BST 2017]; root of context hierarchy
 INFO [ContainerBackgroundProcessor[StandardEngine[Catalina]]] xml.XmlBeanDefinitionReader.[] 2017-10-08 13:39:51,909 - Loading XML bean definitions from ServletContext resource [/WEB-INF/context/applicationContext.xml]
 INFO [ContainerBackgroundProcessor[StandardEngine[Catalina]]] config.PropertyPlaceholderConfigurer.[] 2017-10-08 13:39:51,990 - Loading properties file from class path resource [datasource.properties]
 INFO [ContainerBackgroundProcessor[StandardEngine[Catalina]]] support.DefaultListableBeanFactory.[] 2017-10-08 13:39:52,006 - Pre-instantiating singletons in org.springframework.beans.factory.support.DefaultListableBeanFactory@46b1cbe1: defining beans [propertyConfigurer,messageSource,bookmarkSetOwnerResolver,bookmarkSetNameResolver,bookmarkSetRequestResolver,preferencesRequestResolver,viewResolver,bookmarkStore,bookmarkStoreTarget,preferencesStore,preferencesStoreTarget,abstractStoreTransactionProxy,abstractHibernateTemplate,transactionManager,sessionFactory,dataSource,exporter,hibernateStatisticsBean]; root of factory hierarchy
 INFO [ContainerBackgroundProcessor[StandardEngine[Catalina]]] datasource.DriverManagerDataSource.[] 2017-10-08 13:39:52,028 - Loaded JDBC driver: com.mysql.jdbc.Driver
 INFO [ContainerBackgroundProcessor[StandardEngine[Catalina]]] hibernate3.LocalSessionFactoryBean.[] 2017-10-08 13:39:52,230 - Building new Hibernate SessionFactory
 INFO [ContainerBackgroundProcessor[StandardEngine[Catalina]]] hibernate3.HibernateTransactionManager.[] 2017-10-08 13:39:52,594 - Using DataSource [org.springframework.jdbc.datasource.DriverManagerDataSource@5199d4ae] of Hibernate SessionFactory for HibernateTransactionManager
 INFO [ContainerBackgroundProcessor[StandardEngine[Catalina]]] export.MBeanExporter.[] 2017-10-08 13:39:52,644 - Registering beans for JMX exposure on startup
 INFO [ContainerBackgroundProcessor[StandardEngine[Catalina]]] export.MBeanExporter.[] 2017-10-08 13:39:52,645 - Located MBean 'BookmarkPortlets:name=HibernateStatistics': registering with JMX server as MBean [BookmarkPortlets:name=HibernateStatistics]
 INFO [ContainerBackgroundProcessor[StandardEngine[Catalina]]] context.ContextLoader.[] 2017-10-08 13:39:52,648 - Root WebApplicationContext: initialization completed in 813 ms
 INFO [main] support.XmlWebApplicationContext.[] 2017-10-08 13:41:40,869 - Closing Root WebApplicationContext: startup date [Sun Oct 08 13:39:51 BST 2017]; root of context hierarchy
 INFO [main] support.DefaultListableBeanFactory.[] 2017-10-08 13:41:40,870 - Destroying singletons in org.springframework.beans.factory.support.DefaultListableBeanFactory@46b1cbe1: defining beans [propertyConfigurer,messageSource,bookmarkSetOwnerResolver,bookmarkSetNameResolver,bookmarkSetRequestResolver,preferencesRequestResolver,viewResolver,bookmarkStore,bookmarkStoreTarget,preferencesStore,preferencesStoreTarget,abstractStoreTransactionProxy,abstractHibernateTemplate,transactionManager,sessionFactory,dataSource,exporter,hibernateStatisticsBean]; root of factory hierarchy
 INFO [main] export.MBeanExporter.[] 2017-10-08 13:41:40,871 - Unregistering JMX-exposed beans on shutdown
 INFO [main] hibernate3.LocalSessionFactoryBean.[] 2017-10-08 13:41:40,871 - Closing Hibernate SessionFactory
 INFO [main] context.ContextLoader.[] 2017-10-08 13:42:39,050 - Root WebApplicationContext: initialization started
 INFO [main] support.XmlWebApplicationContext.[] 2017-10-08 13:42:39,095 - Refreshing Root WebApplicationContext: startup date [Sun Oct 08 13:42:39 BST 2017]; root of context hierarchy
 INFO [main] xml.XmlBeanDefinitionReader.[] 2017-10-08 13:42:39,132 - Loading XML bean definitions from ServletContext resource [/WEB-INF/context/applicationContext.xml]
 INFO [main] config.PropertyPlaceholderConfigurer.[] 2017-10-08 13:42:39,227 - Loading properties file from class path resource [datasource.properties]
 INFO [main] support.DefaultListableBeanFactory.[] 2017-10-08 13:42:39,243 - Pre-instantiating singletons in org.springframework.beans.factory.support.DefaultListableBeanFactory@495c49a3: defining beans [propertyConfigurer,messageSource,bookmarkSetOwnerResolver,bookmarkSetNameResolver,bookmarkSetRequestResolver,preferencesRequestResolver,viewResolver,bookmarkStore,bookmarkStoreTarget,preferencesStore,preferencesStoreTarget,abstractStoreTransactionProxy,abstractHibernateTemplate,transactionManager,sessionFactory,dataSource,exporter,hibernateStatisticsBean]; root of factory hierarchy
 INFO [main] datasource.DriverManagerDataSource.[] 2017-10-08 13:42:39,264 - Loaded JDBC driver: com.mysql.jdbc.Driver
 INFO [main] hibernate3.LocalSessionFactoryBean.[] 2017-10-08 13:42:39,472 - Building new Hibernate SessionFactory
 INFO [main] hibernate3.HibernateTransactionManager.[] 2017-10-08 13:42:39,838 - Using DataSource [org.springframework.jdbc.datasource.DriverManagerDataSource@3c19e1a4] of Hibernate SessionFactory for HibernateTransactionManager
 INFO [main] export.MBeanExporter.[] 2017-10-08 13:42:39,892 - Registering beans for JMX exposure on startup
 INFO [main] export.MBeanExporter.[] 2017-10-08 13:42:39,893 - Located MBean 'BookmarkPortlets:name=HibernateStatistics': registering with JMX server as MBean [BookmarkPortlets:name=HibernateStatistics]
 INFO [main] context.ContextLoader.[] 2017-10-08 13:42:39,897 - Root WebApplicationContext: initialization completed in 847 ms
 INFO [main] support.XmlWebApplicationContext.[] 2017-10-08 13:46:45,442 - Closing Root WebApplicationContext: startup date [Sun Oct 08 13:42:39 BST 2017]; root of context hierarchy
 INFO [main] support.DefaultListableBeanFactory.[] 2017-10-08 13:46:45,443 - Destroying singletons in org.springframework.beans.factory.support.DefaultListableBeanFactory@495c49a3: defining beans [propertyConfigurer,messageSource,bookmarkSetOwnerResolver,bookmarkSetNameResolver,bookmarkSetRequestResolver,preferencesRequestResolver,viewResolver,bookmarkStore,bookmarkStoreTarget,preferencesStore,preferencesStoreTarget,abstractStoreTransactionProxy,abstractHibernateTemplate,transactionManager,sessionFactory,dataSource,exporter,hibernateStatisticsBean]; root of factory hierarchy
 INFO [main] export.MBeanExporter.[] 2017-10-08 13:46:45,443 - Unregistering JMX-exposed beans on shutdown
 INFO [main] hibernate3.LocalSessionFactoryBean.[] 2017-10-08 13:46:45,443 - Closing Hibernate SessionFactory
 INFO [main] context.ContextLoader.[] 2017-10-08 13:50:18,074 - Root WebApplicationContext: initialization started
 INFO [main] support.XmlWebApplicationContext.[] 2017-10-08 13:50:18,113 - Refreshing Root WebApplicationContext: startup date [Sun Oct 08 13:50:18 BST 2017]; root of context hierarchy
 INFO [main] xml.XmlBeanDefinitionReader.[] 2017-10-08 13:50:18,136 - Loading XML bean definitions from ServletContext resource [/WEB-INF/context/applicationContext.xml]
 INFO [main] config.PropertyPlaceholderConfigurer.[] 2017-10-08 13:50:18,205 - Loading properties file from class path resource [datasource.properties]
 INFO [main] support.DefaultListableBeanFactory.[] 2017-10-08 13:50:18,219 - Pre-instantiating singletons in org.springframework.beans.factory.support.DefaultListableBeanFactory@49e83e1: defining beans [propertyConfigurer,messageSource,bookmarkSetOwnerResolver,bookmarkSetNameResolver,bookmarkSetRequestResolver,preferencesRequestResolver,viewResolver,bookmarkStore,bookmarkStoreTarget,preferencesStore,preferencesStoreTarget,abstractStoreTransactionProxy,abstractHibernateTemplate,transactionManager,sessionFactory,dataSource,exporter,hibernateStatisticsBean]; root of factory hierarchy
 INFO [main] datasource.DriverManagerDataSource.[] 2017-10-08 13:50:18,237 - Loaded JDBC driver: com.mysql.jdbc.Driver
 INFO [main] hibernate3.LocalSessionFactoryBean.[] 2017-10-08 13:50:18,414 - Building new Hibernate SessionFactory
 INFO [main] hibernate3.HibernateTransactionManager.[] 2017-10-08 13:50:18,735 - Using DataSource [org.springframework.jdbc.datasource.DriverManagerDataSource@46b32d27] of Hibernate SessionFactory for HibernateTransactionManager
 INFO [main] export.MBeanExporter.[] 2017-10-08 13:50:18,780 - Registering beans for JMX exposure on startup
 INFO [main] export.MBeanExporter.[] 2017-10-08 13:50:18,781 - Located MBean 'BookmarkPortlets:name=HibernateStatistics': registering with JMX server as MBean [BookmarkPortlets:name=HibernateStatistics]
 INFO [main] context.ContextLoader.[] 2017-10-08 13:50:18,784 - Root WebApplicationContext: initialization completed in 709 ms
 INFO [ContainerBackgroundProcessor[StandardEngine[Catalina]]] support.XmlWebApplicationContext.[] 2017-10-08 14:03:00,019 - Closing Root WebApplicationContext: startup date [Sun Oct 08 13:50:18 BST 2017]; root of context hierarchy
 INFO [ContainerBackgroundProcessor[StandardEngine[Catalina]]] support.DefaultListableBeanFactory.[] 2017-10-08 14:03:00,020 - Destroying singletons in org.springframework.beans.factory.support.DefaultListableBeanFactory@49e83e1: defining beans [propertyConfigurer,messageSource,bookmarkSetOwnerResolver,bookmarkSetNameResolver,bookmarkSetRequestResolver,preferencesRequestResolver,viewResolver,bookmarkStore,bookmarkStoreTarget,preferencesStore,preferencesStoreTarget,abstractStoreTransactionProxy,abstractHibernateTemplate,transactionManager,sessionFactory,dataSource,exporter,hibernateStatisticsBean]; root of factory hierarchy
 INFO [ContainerBackgroundProcessor[StandardEngine[Catalina]]] export.MBeanExporter.[] 2017-10-08 14:03:00,021 - Unregistering JMX-exposed beans on shutdown
 INFO [ContainerBackgroundProcessor[StandardEngine[Catalina]]] hibernate3.LocalSessionFactoryBean.[] 2017-10-08 14:03:00,021 - Closing Hibernate SessionFactory
 INFO [ContainerBackgroundProcessor[StandardEngine[Catalina]]] context.ContextLoader.[] 2017-10-08 14:03:00,547 - Root WebApplicationContext: initialization started
 INFO [ContainerBackgroundProcessor[StandardEngine[Catalina]]] support.XmlWebApplicationContext.[] 2017-10-08 14:03:00,588 - Refreshing Root WebApplicationContext: startup date [Sun Oct 08 14:03:00 BST 2017]; root of context hierarchy
 INFO [ContainerBackgroundProcessor[StandardEngine[Catalina]]] xml.XmlBeanDefinitionReader.[] 2017-10-08 14:03:00,615 - Loading XML bean definitions from ServletContext resource [/WEB-INF/context/applicationContext.xml]
 INFO [ContainerBackgroundProcessor[StandardEngine[Catalina]]] config.PropertyPlaceholderConfigurer.[] 2017-10-08 14:03:00,689 - Loading properties file from class path resource [datasource.properties]
 INFO [ContainerBackgroundProcessor[StandardEngine[Catalina]]] support.DefaultListableBeanFactory.[] 2017-10-08 14:03:00,705 - Pre-instantiating singletons in org.springframework.beans.factory.support.DefaultListableBeanFactory@3934cbbd: defining beans [propertyConfigurer,messageSource,bookmarkSetOwnerResolver,bookmarkSetNameResolver,bookmarkSetRequestResolver,preferencesRequestResolver,viewResolver,bookmarkStore,bookmarkStoreTarget,preferencesStore,preferencesStoreTarget,abstractStoreTransactionProxy,abstractHibernateTemplate,transactionManager,sessionFactory,dataSource,exporter,hibernateStatisticsBean]; root of factory hierarchy
 INFO [ContainerBackgroundProcessor[StandardEngine[Catalina]]] datasource.DriverManagerDataSource.[] 2017-10-08 14:03:00,725 - Loaded JDBC driver: com.mysql.jdbc.Driver
 INFO [ContainerBackgroundProcessor[StandardEngine[Catalina]]] hibernate3.LocalSessionFactoryBean.[] 2017-10-08 14:03:00,934 - Building new Hibernate SessionFactory
 INFO [ContainerBackgroundProcessor[StandardEngine[Catalina]]] hibernate3.HibernateTransactionManager.[] 2017-10-08 14:03:01,544 - Using DataSource [org.springframework.jdbc.datasource.DriverManagerDataSource@1f44f6ec] of Hibernate SessionFactory for HibernateTransactionManager
 INFO [ContainerBackgroundProcessor[StandardEngine[Catalina]]] export.MBeanExporter.[] 2017-10-08 14:03:01,603 - Registering beans for JMX exposure on startup
 INFO [ContainerBackgroundProcessor[StandardEngine[Catalina]]] export.MBeanExporter.[] 2017-10-08 14:03:01,604 - Located MBean 'BookmarkPortlets:name=HibernateStatistics': registering with JMX server as MBean [BookmarkPortlets:name=HibernateStatistics]
 INFO [ContainerBackgroundProcessor[StandardEngine[Catalina]]] context.ContextLoader.[] 2017-10-08 14:03:01,608 - Root WebApplicationContext: initialization completed in 1061 ms
 INFO [main] context.ContextLoader.[] 2017-10-08 14:04:28,328 - Root WebApplicationContext: initialization started
 INFO [main] support.XmlWebApplicationContext.[] 2017-10-08 14:04:28,367 - Refreshing Root WebApplicationContext: startup date [Sun Oct 08 14:04:28 BST 2017]; root of context hierarchy
 INFO [main] xml.XmlBeanDefinitionReader.[] 2017-10-08 14:04:28,391 - Loading XML bean definitions from ServletContext resource [/WEB-INF/context/applicationContext.xml]
 INFO [main] config.PropertyPlaceholderConfigurer.[] 2017-10-08 14:04:28,463 - Loading properties file from class path resource [datasource.properties]
 INFO [main] support.DefaultListableBeanFactory.[] 2017-10-08 14:04:28,477 - Pre-instantiating singletons in org.springframework.beans.factory.support.DefaultListableBeanFactory@777f10f5: defining beans [propertyConfigurer,messageSource,bookmarkSetOwnerResolver,bookmarkSetNameResolver,bookmarkSetRequestResolver,preferencesRequestResolver,viewResolver,bookmarkStore,bookmarkStoreTarget,preferencesStore,preferencesStoreTarget,abstractStoreTransactionProxy,abstractHibernateTemplate,transactionManager,sessionFactory,dataSource,exporter,hibernateStatisticsBean]; root of factory hierarchy
 INFO [main] datasource.DriverManagerDataSource.[] 2017-10-08 14:04:28,495 - Loaded JDBC driver: com.mysql.jdbc.Driver
 INFO [main] hibernate3.LocalSessionFactoryBean.[] 2017-10-08 14:04:28,662 - Building new Hibernate SessionFactory
 INFO [main] hibernate3.HibernateTransactionManager.[] 2017-10-08 14:04:28,975 - Using DataSource [org.springframework.jdbc.datasource.DriverManagerDataSource@1ada0d66] of Hibernate SessionFactory for HibernateTransactionManager
 INFO [main] export.MBeanExporter.[] 2017-10-08 14:04:29,018 - Registering beans for JMX exposure on startup
 INFO [main] export.MBeanExporter.[] 2017-10-08 14:04:29,019 - Located MBean 'BookmarkPortlets:name=HibernateStatistics': registering with JMX server as MBean [BookmarkPortlets:name=HibernateStatistics]
 INFO [main] context.ContextLoader.[] 2017-10-08 14:04:29,022 - Root WebApplicationContext: initialization completed in 693 ms
 INFO [main] support.XmlWebApplicationContext.[] 2017-10-08 14:05:02,026 - Closing Root WebApplicationContext: startup date [Sun Oct 08 14:04:28 BST 2017]; root of context hierarchy
 INFO [main] support.DefaultListableBeanFactory.[] 2017-10-08 14:05:02,026 - Destroying singletons in org.springframework.beans.factory.support.DefaultListableBeanFactory@777f10f5: defining beans [propertyConfigurer,messageSource,bookmarkSetOwnerResolver,bookmarkSetNameResolver,bookmarkSetRequestResolver,preferencesRequestResolver,viewResolver,bookmarkStore,bookmarkStoreTarget,preferencesStore,preferencesStoreTarget,abstractStoreTransactionProxy,abstractHibernateTemplate,transactionManager,sessionFactory,dataSource,exporter,hibernateStatisticsBean]; root of factory hierarchy
 INFO [main] export.MBeanExporter.[] 2017-10-08 14:05:02,026 - Unregistering JMX-exposed beans on shutdown
 INFO [main] hibernate3.LocalSessionFactoryBean.[] 2017-10-08 14:05:02,026 - Closing Hibernate SessionFactory
 INFO [main] support.XmlWebApplicationContext.[] 2017-10-08 15:36:37,114 - Closing Root WebApplicationContext: startup date [Sun Oct 08 14:03:00 BST 2017]; root of context hierarchy
 INFO [main] support.DefaultListableBeanFactory.[] 2017-10-08 15:36:37,117 - Destroying singletons in org.springframework.beans.factory.support.DefaultListableBeanFactory@3934cbbd: defining beans [propertyConfigurer,messageSource,bookmarkSetOwnerResolver,bookmarkSetNameResolver,bookmarkSetRequestResolver,preferencesRequestResolver,viewResolver,bookmarkStore,bookmarkStoreTarget,preferencesStore,preferencesStoreTarget,abstractStoreTransactionProxy,abstractHibernateTemplate,transactionManager,sessionFactory,dataSource,exporter,hibernateStatisticsBean]; root of factory hierarchy
 INFO [main] export.MBeanExporter.[] 2017-10-08 15:36:37,117 - Unregistering JMX-exposed beans on shutdown
 INFO [main] hibernate3.LocalSessionFactoryBean.[] 2017-10-08 15:36:37,118 - Closing Hibernate SessionFactory
 INFO [main] context.ContextLoader.[] 2017-10-08 15:39:56,438 - Root WebApplicationContext: initialization started
 INFO [main] support.XmlWebApplicationContext.[] 2017-10-08 15:39:56,476 - Refreshing Root WebApplicationContext: startup date [Sun Oct 08 15:39:56 BST 2017]; root of context hierarchy
 INFO [main] xml.XmlBeanDefinitionReader.[] 2017-10-08 15:39:56,500 - Loading XML bean definitions from ServletContext resource [/WEB-INF/context/applicationContext.xml]
 INFO [main] config.PropertyPlaceholderConfigurer.[] 2017-10-08 15:39:56,571 - Loading properties file from class path resource [datasource.properties]
 INFO [main] support.DefaultListableBeanFactory.[] 2017-10-08 15:39:56,584 - Pre-instantiating singletons in org.springframework.beans.factory.support.DefaultListableBeanFactory@6d641b34: defining beans [propertyConfigurer,messageSource,bookmarkSetOwnerResolver,bookmarkSetNameResolver,bookmarkSetRequestResolver,preferencesRequestResolver,viewResolver,bookmarkStore,bookmarkStoreTarget,preferencesStore,preferencesStoreTarget,abstractStoreTransactionProxy,abstractHibernateTemplate,transactionManager,sessionFactory,dataSource,exporter,hibernateStatisticsBean]; root of factory hierarchy
 INFO [main] datasource.DriverManagerDataSource.[] 2017-10-08 15:39:56,604 - Loaded JDBC driver: com.mysql.jdbc.Driver
 INFO [main] hibernate3.LocalSessionFactoryBean.[] 2017-10-08 15:39:56,782 - Building new Hibernate SessionFactory
 INFO [main] hibernate3.HibernateTransactionManager.[] 2017-10-08 15:39:57,199 - Using DataSource [org.springframework.jdbc.datasource.DriverManagerDataSource@1251f13b] of Hibernate SessionFactory for HibernateTransactionManager
 INFO [main] export.MBeanExporter.[] 2017-10-08 15:39:57,243 - Registering beans for JMX exposure on startup
 INFO [main] export.MBeanExporter.[] 2017-10-08 15:39:57,244 - Located MBean 'BookmarkPortlets:name=HibernateStatistics': registering with JMX server as MBean [BookmarkPortlets:name=HibernateStatistics]
 INFO [main] context.ContextLoader.[] 2017-10-08 15:39:57,247 - Root WebApplicationContext: initialization completed in 809 ms
 INFO [main] support.XmlWebApplicationContext.[] 2017-10-08 15:43:07,837 - Closing Root WebApplicationContext: startup date [Sun Oct 08 15:39:56 BST 2017]; root of context hierarchy
 INFO [main] support.DefaultListableBeanFactory.[] 2017-10-08 15:43:07,837 - Destroying singletons in org.springframework.beans.factory.support.DefaultListableBeanFactory@6d641b34: defining beans [propertyConfigurer,messageSource,bookmarkSetOwnerResolver,bookmarkSetNameResolver,bookmarkSetRequestResolver,preferencesRequestResolver,viewResolver,bookmarkStore,bookmarkStoreTarget,preferencesStore,preferencesStoreTarget,abstractStoreTransactionProxy,abstractHibernateTemplate,transactionManager,sessionFactory,dataSource,exporter,hibernateStatisticsBean]; root of factory hierarchy
 INFO [main] export.MBeanExporter.[] 2017-10-08 15:43:07,837 - Unregistering JMX-exposed beans on shutdown
 INFO [main] hibernate3.LocalSessionFactoryBean.[] 2017-10-08 15:43:07,838 - Closing Hibernate SessionFactory
 INFO [main] context.ContextLoader.[] 2017-10-08 15:44:12,726 - Root WebApplicationContext: initialization started
 INFO [main] support.XmlWebApplicationContext.[] 2017-10-08 15:44:12,765 - Refreshing Root WebApplicationContext: startup date [Sun Oct 08 15:44:12 BST 2017]; root of context hierarchy
 INFO [main] xml.XmlBeanDefinitionReader.[] 2017-10-08 15:44:12,789 - Loading XML bean definitions from ServletContext resource [/WEB-INF/context/applicationContext.xml]
 INFO [main] config.PropertyPlaceholderConfigurer.[] 2017-10-08 15:44:12,858 - Loading properties file from class path resource [datasource.properties]
 INFO [main] support.DefaultListableBeanFactory.[] 2017-10-08 15:44:12,871 - Pre-instantiating singletons in org.springframework.beans.factory.support.DefaultListableBeanFactory@495c49a3: defining beans [propertyConfigurer,messageSource,bookmarkSetOwnerResolver,bookmarkSetNameResolver,bookmarkSetRequestResolver,preferencesRequestResolver,viewResolver,bookmarkStore,bookmarkStoreTarget,preferencesStore,preferencesStoreTarget,abstractStoreTransactionProxy,abstractHibernateTemplate,transactionManager,sessionFactory,dataSource,exporter,hibernateStatisticsBean]; root of factory hierarchy
 INFO [main] datasource.DriverManagerDataSource.[] 2017-10-08 15:44:12,889 - Loaded JDBC driver: com.mysql.jdbc.Driver
 INFO [main] hibernate3.LocalSessionFactoryBean.[] 2017-10-08 15:44:13,062 - Building new Hibernate SessionFactory
 INFO [main] hibernate3.HibernateTransactionManager.[] 2017-10-08 15:44:13,381 - Using DataSource [org.springframework.jdbc.datasource.DriverManagerDataSource@3c19e1a4] of Hibernate SessionFactory for HibernateTransactionManager
 INFO [main] export.MBeanExporter.[] 2017-10-08 15:44:13,425 - Registering beans for JMX exposure on startup
 INFO [main] export.MBeanExporter.[] 2017-10-08 15:44:13,425 - Located MBean 'BookmarkPortlets:name=HibernateStatistics': registering with JMX server as MBean [BookmarkPortlets:name=HibernateStatistics]
 INFO [main] context.ContextLoader.[] 2017-10-08 15:44:13,428 - Root WebApplicationContext: initialization completed in 702 ms
 INFO [main] support.XmlWebApplicationContext.[] 2017-10-08 15:46:28,175 - Closing Root WebApplicationContext: startup date [Sun Oct 08 15:44:12 BST 2017]; root of context hierarchy
 INFO [main] support.DefaultListableBeanFactory.[] 2017-10-08 15:46:28,175 - Destroying singletons in org.springframework.beans.factory.support.DefaultListableBeanFactory@495c49a3: defining beans [propertyConfigurer,messageSource,bookmarkSetOwnerResolver,bookmarkSetNameResolver,bookmarkSetRequestResolver,preferencesRequestResolver,viewResolver,bookmarkStore,bookmarkStoreTarget,preferencesStore,preferencesStoreTarget,abstractStoreTransactionProxy,abstractHibernateTemplate,transactionManager,sessionFactory,dataSource,exporter,hibernateStatisticsBean]; root of factory hierarchy
 INFO [main] export.MBeanExporter.[] 2017-10-08 15:46:28,176 - Unregistering JMX-exposed beans on shutdown
 INFO [main] hibernate3.LocalSessionFactoryBean.[] 2017-10-08 15:46:28,176 - Closing Hibernate SessionFactory
 INFO [main] context.ContextLoader.[] 2017-10-08 15:54:21,912 - Root WebApplicationContext: initialization started
 INFO [main] support.XmlWebApplicationContext.[] 2017-10-08 15:54:21,950 - Refreshing Root WebApplicationContext: startup date [Sun Oct 08 15:54:21 BST 2017]; root of context hierarchy
 INFO [main] xml.XmlBeanDefinitionReader.[] 2017-10-08 15:54:21,979 - Loading XML bean definitions from ServletContext resource [/WEB-INF/context/applicationContext.xml]
 INFO [main] config.PropertyPlaceholderConfigurer.[] 2017-10-08 15:54:22,071 - Loading properties file from class path resource [datasource.properties]
 INFO [main] support.DefaultListableBeanFactory.[] 2017-10-08 15:54:22,086 - Pre-instantiating singletons in org.springframework.beans.factory.support.DefaultListableBeanFactory@5e8c6430: defining beans [propertyConfigurer,messageSource,bookmarkSetOwnerResolver,bookmarkSetNameResolver,bookmarkSetRequestResolver,preferencesRequestResolver,viewResolver,bookmarkStore,bookmarkStoreTarget,preferencesStore,preferencesStoreTarget,abstractStoreTransactionProxy,abstractHibernateTemplate,transactionManager,sessionFactory,dataSource,exporter,hibernateStatisticsBean]; root of factory hierarchy
 INFO [main] datasource.DriverManagerDataSource.[] 2017-10-08 15:54:22,106 - Loaded JDBC driver: com.mysql.jdbc.Driver
 INFO [main] hibernate3.LocalSessionFactoryBean.[] 2017-10-08 15:54:22,290 - Building new Hibernate SessionFactory
 INFO [main] hibernate3.HibernateTransactionManager.[] 2017-10-08 15:54:22,754 - Using DataSource [org.springframework.jdbc.datasource.DriverManagerDataSource@ce26cb1] of Hibernate SessionFactory for HibernateTransactionManager
 INFO [main] export.MBeanExporter.[] 2017-10-08 15:54:22,801 - Registering beans for JMX exposure on startup
 INFO [main] export.MBeanExporter.[] 2017-10-08 15:54:22,801 - Located MBean 'BookmarkPortlets:name=HibernateStatistics': registering with JMX server as MBean [BookmarkPortlets:name=HibernateStatistics]
 INFO [main] context.ContextLoader.[] 2017-10-08 15:54:22,804 - Root WebApplicationContext: initialization completed in 892 ms
 INFO [Timer-9] portlet.DispatcherPortlet.[] 2017-10-08 15:54:42,825 - Initializing portlet 'BookmarksPortlet'
 INFO [Timer-9] portlet.DispatcherPortlet.[] 2017-10-08 15:54:42,833 - FrameworkPortlet 'BookmarksPortlet': initialization started
 INFO [Timer-9] context.XmlPortletApplicationContext.[] 2017-10-08 15:54:42,837 - Refreshing PortletApplicationContext for namespace 'BookmarksPortlet-portlet': startup date [Sun Oct 08 15:54:42 BST 2017]; parent: Root WebApplicationContext
 INFO [Timer-9] xml.XmlBeanDefinitionReader.[] 2017-10-08 15:54:42,839 - Loading XML bean definitions from PortletContext resource [/WEB-INF/context/portlet/bookmarksPortletContext.xml]
 INFO [Timer-9] support.DefaultListableBeanFactory.[] 2017-10-08 15:54:42,866 - Pre-instantiating singletons in org.springframework.beans.factory.support.DefaultListableBeanFactory@2599beaa: defining beans [bookmarkValidator,folderValidator,collectionValidator,preferencesValidator,baseBookmarkSetFormController,baseFolderFormController,baseBookmarkFormController,baseCollectionFormController,viewBookmarksFormController,editBookmarksFormController,newBookmarkFormController,editBookmarkFormController,newFolderFormController,editFolderFormController,newCollectionFormController,editCollectionFormController,toggleFolderFormController,deleteEntryFormController,saveOptionsFormController,openSessionInViewInterceptor,parameterMappingInterceptor,portletModeParameterHandlerMapping,portletModeHandlerMapping]; parent: org.springframework.beans.factory.support.DefaultListableBeanFactory@5e8c6430
 INFO [Timer-9] portlet.DispatcherPortlet.[] 2017-10-08 15:54:42,962 - FrameworkPortlet 'BookmarksPortlet': initialization completed in 129 ms
 INFO [Timer-9] portlet.DispatcherPortlet.[] 2017-10-08 15:54:42,962 - Portlet 'BookmarksPortlet' configured successfully
