2017-10-08 13:22:19,392 INFO [org.hibernate.validator.util.Version] - Hibernate Validator 4.2.0.Final
2017-10-08 13:22:20,830 INFO [org.jasig.cas.services.DefaultServicesManagerImpl] - Loaded 1 services.
2017-10-08 13:22:20,830 INFO [org.jasig.cas.services.DefaultServicesManagerImpl] - Loaded 1 services.
2017-10-08 13:22:21,098 INFO [org.quartz.core.SchedulerSignalerImpl] - Initialized Scheduler Signaller of type: class org.quartz.core.SchedulerSignalerImpl
2017-10-08 13:22:21,098 INFO [org.quartz.core.QuartzScheduler] - Quartz Scheduler v.1.6.1 created.
2017-10-08 13:22:21,099 INFO [org.quartz.simpl.RAMJobStore] - RAMJobStore initialized.
2017-10-08 13:22:21,099 INFO [org.quartz.impl.StdSchedulerFactory] - Quartz scheduler 'scheduler' initialized from an externally provided properties instance.
2017-10-08 13:22:21,099 INFO [org.quartz.impl.StdSchedulerFactory] - Quartz scheduler version: 1.6.1
2017-10-08 13:22:21,100 INFO [org.quartz.core.QuartzScheduler] - JobFactory set to: org.springframework.scheduling.quartz.AdaptableJobFactory@5e50aa9e
2017-10-08 13:22:21,237 INFO [org.jasig.cas.util.AutowiringSchedulerFactoryBean] - Starting Quartz Scheduler now
2017-10-08 13:22:21,237 INFO [org.jasig.cas.util.AutowiringSchedulerFactoryBean] - Starting Quartz Scheduler now
2017-10-08 13:22:21,237 INFO [org.quartz.core.QuartzScheduler] - Scheduler scheduler_$_NON_CLUSTERED started.
2017-10-08 13:22:40,749 INFO [org.jasig.cas.ticket.registry.support.DefaultTicketRegistryCleaner] - Beginning ticket cleanup.
2017-10-08 13:22:40,749 INFO [org.jasig.cas.ticket.registry.support.DefaultTicketRegistryCleaner] - Beginning ticket cleanup.
2017-10-08 13:22:40,751 INFO [org.jasig.cas.ticket.registry.support.DefaultTicketRegistryCleaner] - 0 tickets found to be removed.
2017-10-08 13:22:40,751 INFO [org.jasig.cas.ticket.registry.support.DefaultTicketRegistryCleaner] - 0 tickets found to be removed.
2017-10-08 13:22:40,751 INFO [org.jasig.cas.ticket.registry.support.DefaultTicketRegistryCleaner] - Finished ticket cleanup.
2017-10-08 13:22:40,751 INFO [org.jasig.cas.ticket.registry.support.DefaultTicketRegistryCleaner] - Finished ticket cleanup.
2017-10-08 13:23:17,022 INFO [org.quartz.core.QuartzScheduler] - Scheduler scheduler_$_NON_CLUSTERED paused.
2017-10-08 13:23:17,022 INFO [org.jasig.cas.util.AutowiringSchedulerFactoryBean] - Shutting down Quartz Scheduler
2017-10-08 13:23:17,022 INFO [org.jasig.cas.util.AutowiringSchedulerFactoryBean] - Shutting down Quartz Scheduler
2017-10-08 13:23:17,022 INFO [org.quartz.core.QuartzScheduler] - Scheduler scheduler_$_NON_CLUSTERED shutting down.
2017-10-08 13:23:17,022 INFO [org.quartz.core.QuartzScheduler] - Scheduler scheduler_$_NON_CLUSTERED paused.
2017-10-08 13:23:17,022 INFO [org.quartz.core.QuartzScheduler] - Scheduler scheduler_$_NON_CLUSTERED shutdown complete.
2017-10-08 13:24:12,864 INFO [org.hibernate.validator.util.Version] - Hibernate Validator 4.2.0.Final
2017-10-08 13:24:14,315 INFO [org.jasig.cas.services.DefaultServicesManagerImpl] - Loaded 1 services.
2017-10-08 13:24:14,315 INFO [org.jasig.cas.services.DefaultServicesManagerImpl] - Loaded 1 services.
2017-10-08 13:24:14,615 INFO [org.quartz.core.SchedulerSignalerImpl] - Initialized Scheduler Signaller of type: class org.quartz.core.SchedulerSignalerImpl
2017-10-08 13:24:14,615 INFO [org.quartz.core.QuartzScheduler] - Quartz Scheduler v.1.6.1 created.
2017-10-08 13:24:14,616 INFO [org.quartz.simpl.RAMJobStore] - RAMJobStore initialized.
2017-10-08 13:24:14,616 INFO [org.quartz.impl.StdSchedulerFactory] - Quartz scheduler 'scheduler' initialized from an externally provided properties instance.
2017-10-08 13:24:14,616 INFO [org.quartz.impl.StdSchedulerFactory] - Quartz scheduler version: 1.6.1
2017-10-08 13:24:14,617 INFO [org.quartz.core.QuartzScheduler] - JobFactory set to: org.springframework.scheduling.quartz.AdaptableJobFactory@737b6e1f
2017-10-08 13:24:14,775 INFO [org.jasig.cas.util.AutowiringSchedulerFactoryBean] - Starting Quartz Scheduler now
2017-10-08 13:24:14,775 INFO [org.jasig.cas.util.AutowiringSchedulerFactoryBean] - Starting Quartz Scheduler now
2017-10-08 13:24:14,775 INFO [org.quartz.core.QuartzScheduler] - Scheduler scheduler_$_NON_CLUSTERED started.
2017-10-08 13:24:34,225 INFO [org.jasig.cas.ticket.registry.support.DefaultTicketRegistryCleaner] - Beginning ticket cleanup.
2017-10-08 13:24:34,225 INFO [org.jasig.cas.ticket.registry.support.DefaultTicketRegistryCleaner] - Beginning ticket cleanup.
2017-10-08 13:24:34,227 INFO [org.jasig.cas.ticket.registry.support.DefaultTicketRegistryCleaner] - 0 tickets found to be removed.
2017-10-08 13:24:34,227 INFO [org.jasig.cas.ticket.registry.support.DefaultTicketRegistryCleaner] - 0 tickets found to be removed.
2017-10-08 13:24:34,227 INFO [org.jasig.cas.ticket.registry.support.DefaultTicketRegistryCleaner] - Finished ticket cleanup.
2017-10-08 13:24:34,227 INFO [org.jasig.cas.ticket.registry.support.DefaultTicketRegistryCleaner] - Finished ticket cleanup.
2017-10-08 13:26:14,349 INFO [org.jasig.cas.services.DefaultServicesManagerImpl] - Reloading registered services.
2017-10-08 13:26:14,349 INFO [org.jasig.cas.services.DefaultServicesManagerImpl] - Reloading registered services.
2017-10-08 13:26:14,350 INFO [org.jasig.cas.services.DefaultServicesManagerImpl] - Loaded 1 services.
2017-10-08 13:26:14,350 INFO [org.jasig.cas.services.DefaultServicesManagerImpl] - Loaded 1 services.
2017-10-08 13:28:14,336 INFO [org.jasig.cas.services.DefaultServicesManagerImpl] - Reloading registered services.
2017-10-08 13:28:14,336 INFO [org.jasig.cas.services.DefaultServicesManagerImpl] - Reloading registered services.
2017-10-08 13:28:14,336 INFO [org.jasig.cas.services.DefaultServicesManagerImpl] - Loaded 1 services.
2017-10-08 13:28:14,336 INFO [org.jasig.cas.services.DefaultServicesManagerImpl] - Loaded 1 services.
2017-10-08 13:29:46,072 INFO [org.quartz.core.QuartzScheduler] - Scheduler scheduler_$_NON_CLUSTERED paused.
2017-10-08 13:29:46,073 INFO [org.jasig.cas.util.AutowiringSchedulerFactoryBean] - Shutting down Quartz Scheduler
2017-10-08 13:29:46,073 INFO [org.jasig.cas.util.AutowiringSchedulerFactoryBean] - Shutting down Quartz Scheduler
2017-10-08 13:29:46,073 INFO [org.quartz.core.QuartzScheduler] - Scheduler scheduler_$_NON_CLUSTERED shutting down.
2017-10-08 13:29:46,073 INFO [org.quartz.core.QuartzScheduler] - Scheduler scheduler_$_NON_CLUSTERED paused.
2017-10-08 13:29:46,073 INFO [org.quartz.core.QuartzScheduler] - Scheduler scheduler_$_NON_CLUSTERED shutdown complete.
2017-10-08 13:30:33,149 INFO [org.hibernate.validator.util.Version] - Hibernate Validator 4.2.0.Final
2017-10-08 13:30:34,558 INFO [org.jasig.cas.services.DefaultServicesManagerImpl] - Loaded 1 services.
2017-10-08 13:30:34,558 INFO [org.jasig.cas.services.DefaultServicesManagerImpl] - Loaded 1 services.
2017-10-08 13:30:34,833 INFO [org.quartz.core.SchedulerSignalerImpl] - Initialized Scheduler Signaller of type: class org.quartz.core.SchedulerSignalerImpl
2017-10-08 13:30:34,833 INFO [org.quartz.core.QuartzScheduler] - Quartz Scheduler v.1.6.1 created.
2017-10-08 13:30:34,834 INFO [org.quartz.simpl.RAMJobStore] - RAMJobStore initialized.
2017-10-08 13:30:34,834 INFO [org.quartz.impl.StdSchedulerFactory] - Quartz scheduler 'scheduler' initialized from an externally provided properties instance.
2017-10-08 13:30:34,834 INFO [org.quartz.impl.StdSchedulerFactory] - Quartz scheduler version: 1.6.1
2017-10-08 13:30:34,835 INFO [org.quartz.core.QuartzScheduler] - JobFactory set to: org.springframework.scheduling.quartz.AdaptableJobFactory@4100573f
2017-10-08 13:30:34,978 INFO [org.jasig.cas.util.AutowiringSchedulerFactoryBean] - Starting Quartz Scheduler now
2017-10-08 13:30:34,978 INFO [org.jasig.cas.util.AutowiringSchedulerFactoryBean] - Starting Quartz Scheduler now
2017-10-08 13:30:34,978 INFO [org.quartz.core.QuartzScheduler] - Scheduler scheduler_$_NON_CLUSTERED started.
2017-10-08 13:30:54,474 INFO [org.jasig.cas.ticket.registry.support.DefaultTicketRegistryCleaner] - Beginning ticket cleanup.
2017-10-08 13:30:54,474 INFO [org.jasig.cas.ticket.registry.support.DefaultTicketRegistryCleaner] - Beginning ticket cleanup.
2017-10-08 13:30:54,477 INFO [org.jasig.cas.ticket.registry.support.DefaultTicketRegistryCleaner] - 0 tickets found to be removed.
2017-10-08 13:30:54,477 INFO [org.jasig.cas.ticket.registry.support.DefaultTicketRegistryCleaner] - 0 tickets found to be removed.
2017-10-08 13:30:54,477 INFO [org.jasig.cas.ticket.registry.support.DefaultTicketRegistryCleaner] - Finished ticket cleanup.
2017-10-08 13:30:54,477 INFO [org.jasig.cas.ticket.registry.support.DefaultTicketRegistryCleaner] - Finished ticket cleanup.
2017-10-08 13:32:34,593 INFO [org.jasig.cas.services.DefaultServicesManagerImpl] - Reloading registered services.
2017-10-08 13:32:34,593 INFO [org.jasig.cas.services.DefaultServicesManagerImpl] - Reloading registered services.
2017-10-08 13:32:34,594 INFO [org.jasig.cas.services.DefaultServicesManagerImpl] - Loaded 1 services.
2017-10-08 13:32:34,594 INFO [org.jasig.cas.services.DefaultServicesManagerImpl] - Loaded 1 services.
2017-10-08 13:33:03,158 INFO [org.quartz.core.QuartzScheduler] - Scheduler scheduler_$_NON_CLUSTERED paused.
2017-10-08 13:33:03,158 INFO [org.jasig.cas.util.AutowiringSchedulerFactoryBean] - Shutting down Quartz Scheduler
2017-10-08 13:33:03,158 INFO [org.jasig.cas.util.AutowiringSchedulerFactoryBean] - Shutting down Quartz Scheduler
2017-10-08 13:33:03,158 INFO [org.quartz.core.QuartzScheduler] - Scheduler scheduler_$_NON_CLUSTERED shutting down.
2017-10-08 13:33:03,158 INFO [org.quartz.core.QuartzScheduler] - Scheduler scheduler_$_NON_CLUSTERED paused.
2017-10-08 13:33:03,158 INFO [org.quartz.core.QuartzScheduler] - Scheduler scheduler_$_NON_CLUSTERED shutdown complete.
2017-10-08 13:34:18,119 INFO [org.hibernate.validator.util.Version] - Hibernate Validator 4.2.0.Final
2017-10-08 13:34:19,526 INFO [org.jasig.cas.services.DefaultServicesManagerImpl] - Loaded 1 services.
2017-10-08 13:34:19,526 INFO [org.jasig.cas.services.DefaultServicesManagerImpl] - Loaded 1 services.
2017-10-08 13:34:19,827 INFO [org.quartz.core.SchedulerSignalerImpl] - Initialized Scheduler Signaller of type: class org.quartz.core.SchedulerSignalerImpl
2017-10-08 13:34:19,827 INFO [org.quartz.core.QuartzScheduler] - Quartz Scheduler v.1.6.1 created.
2017-10-08 13:34:19,828 INFO [org.quartz.simpl.RAMJobStore] - RAMJobStore initialized.
2017-10-08 13:34:19,828 INFO [org.quartz.impl.StdSchedulerFactory] - Quartz scheduler 'scheduler' initialized from an externally provided properties instance.
2017-10-08 13:34:19,828 INFO [org.quartz.impl.StdSchedulerFactory] - Quartz scheduler version: 1.6.1
2017-10-08 13:34:19,829 INFO [org.quartz.core.QuartzScheduler] - JobFactory set to: org.springframework.scheduling.quartz.AdaptableJobFactory@c918206
2017-10-08 13:34:19,994 INFO [org.jasig.cas.util.AutowiringSchedulerFactoryBean] - Starting Quartz Scheduler now
2017-10-08 13:34:19,994 INFO [org.jasig.cas.util.AutowiringSchedulerFactoryBean] - Starting Quartz Scheduler now
2017-10-08 13:34:19,994 INFO [org.quartz.core.QuartzScheduler] - Scheduler scheduler_$_NON_CLUSTERED started.
2017-10-08 13:34:39,448 INFO [org.jasig.cas.ticket.registry.support.DefaultTicketRegistryCleaner] - Beginning ticket cleanup.
2017-10-08 13:34:39,448 INFO [org.jasig.cas.ticket.registry.support.DefaultTicketRegistryCleaner] - Beginning ticket cleanup.
2017-10-08 13:34:39,450 INFO [org.jasig.cas.ticket.registry.support.DefaultTicketRegistryCleaner] - 0 tickets found to be removed.
2017-10-08 13:34:39,450 INFO [org.jasig.cas.ticket.registry.support.DefaultTicketRegistryCleaner] - 0 tickets found to be removed.
2017-10-08 13:34:39,450 INFO [org.jasig.cas.ticket.registry.support.DefaultTicketRegistryCleaner] - Finished ticket cleanup.
2017-10-08 13:34:39,450 INFO [org.jasig.cas.ticket.registry.support.DefaultTicketRegistryCleaner] - Finished ticket cleanup.
2017-10-08 13:35:07,112 INFO [org.quartz.core.QuartzScheduler] - Scheduler scheduler_$_NON_CLUSTERED paused.
2017-10-08 13:35:07,113 INFO [org.jasig.cas.util.AutowiringSchedulerFactoryBean] - Shutting down Quartz Scheduler
2017-10-08 13:35:07,113 INFO [org.jasig.cas.util.AutowiringSchedulerFactoryBean] - Shutting down Quartz Scheduler
2017-10-08 13:35:07,113 INFO [org.quartz.core.QuartzScheduler] - Scheduler scheduler_$_NON_CLUSTERED shutting down.
2017-10-08 13:35:07,113 INFO [org.quartz.core.QuartzScheduler] - Scheduler scheduler_$_NON_CLUSTERED paused.
2017-10-08 13:35:07,113 INFO [org.quartz.core.QuartzScheduler] - Scheduler scheduler_$_NON_CLUSTERED shutdown complete.
2017-10-08 13:36:23,358 INFO [org.hibernate.validator.util.Version] - Hibernate Validator 4.2.0.Final
2017-10-08 13:36:24,873 INFO [org.jasig.cas.services.DefaultServicesManagerImpl] - Loaded 1 services.
2017-10-08 13:36:24,873 INFO [org.jasig.cas.services.DefaultServicesManagerImpl] - Loaded 1 services.
2017-10-08 13:36:25,142 INFO [org.quartz.core.SchedulerSignalerImpl] - Initialized Scheduler Signaller of type: class org.quartz.core.SchedulerSignalerImpl
2017-10-08 13:36:25,142 INFO [org.quartz.core.QuartzScheduler] - Quartz Scheduler v.1.6.1 created.
2017-10-08 13:36:25,143 INFO [org.quartz.simpl.RAMJobStore] - RAMJobStore initialized.
2017-10-08 13:36:25,143 INFO [org.quartz.impl.StdSchedulerFactory] - Quartz scheduler 'scheduler' initialized from an externally provided properties instance.
2017-10-08 13:36:25,143 INFO [org.quartz.impl.StdSchedulerFactory] - Quartz scheduler version: 1.6.1
2017-10-08 13:36:25,144 INFO [org.quartz.core.QuartzScheduler] - JobFactory set to: org.springframework.scheduling.quartz.AdaptableJobFactory@451711d4
2017-10-08 13:36:25,291 INFO [org.jasig.cas.util.AutowiringSchedulerFactoryBean] - Starting Quartz Scheduler now
2017-10-08 13:36:25,291 INFO [org.jasig.cas.util.AutowiringSchedulerFactoryBean] - Starting Quartz Scheduler now
2017-10-08 13:36:25,291 INFO [org.quartz.core.QuartzScheduler] - Scheduler scheduler_$_NON_CLUSTERED started.
2017-10-08 13:36:44,784 INFO [org.jasig.cas.ticket.registry.support.DefaultTicketRegistryCleaner] - Beginning ticket cleanup.
2017-10-08 13:36:44,784 INFO [org.jasig.cas.ticket.registry.support.DefaultTicketRegistryCleaner] - Beginning ticket cleanup.
2017-10-08 13:36:44,786 INFO [org.jasig.cas.ticket.registry.support.DefaultTicketRegistryCleaner] - 0 tickets found to be removed.
2017-10-08 13:36:44,786 INFO [org.jasig.cas.ticket.registry.support.DefaultTicketRegistryCleaner] - 0 tickets found to be removed.
2017-10-08 13:36:44,786 INFO [org.jasig.cas.ticket.registry.support.DefaultTicketRegistryCleaner] - Finished ticket cleanup.
2017-10-08 13:36:44,786 INFO [org.jasig.cas.ticket.registry.support.DefaultTicketRegistryCleaner] - Finished ticket cleanup.
2017-10-08 13:38:08,645 INFO [org.quartz.core.QuartzScheduler] - Scheduler scheduler_$_NON_CLUSTERED paused.
2017-10-08 13:38:08,645 INFO [org.jasig.cas.util.AutowiringSchedulerFactoryBean] - Shutting down Quartz Scheduler
2017-10-08 13:38:08,645 INFO [org.jasig.cas.util.AutowiringSchedulerFactoryBean] - Shutting down Quartz Scheduler
2017-10-08 13:38:08,645 INFO [org.quartz.core.QuartzScheduler] - Scheduler scheduler_$_NON_CLUSTERED shutting down.
2017-10-08 13:38:08,645 INFO [org.quartz.core.QuartzScheduler] - Scheduler scheduler_$_NON_CLUSTERED paused.
2017-10-08 13:38:08,646 INFO [org.quartz.core.QuartzScheduler] - Scheduler scheduler_$_NON_CLUSTERED shutdown complete.
2017-10-08 13:38:10,523 INFO [org.hibernate.validator.util.Version] - Hibernate Validator 4.2.0.Final
2017-10-08 13:38:11,984 INFO [org.jasig.cas.services.DefaultServicesManagerImpl] - Loaded 1 services.
2017-10-08 13:38:11,984 INFO [org.jasig.cas.services.DefaultServicesManagerImpl] - Loaded 1 services.
2017-10-08 13:38:12,254 INFO [org.quartz.core.SchedulerSignalerImpl] - Initialized Scheduler Signaller of type: class org.quartz.core.SchedulerSignalerImpl
2017-10-08 13:38:12,254 INFO [org.quartz.core.QuartzScheduler] - Quartz Scheduler v.1.6.1 created.
2017-10-08 13:38:12,254 INFO [org.quartz.simpl.RAMJobStore] - RAMJobStore initialized.
2017-10-08 13:38:12,254 INFO [org.quartz.impl.StdSchedulerFactory] - Quartz scheduler 'scheduler' initialized from an externally provided properties instance.
2017-10-08 13:38:12,254 INFO [org.quartz.impl.StdSchedulerFactory] - Quartz scheduler version: 1.6.1
2017-10-08 13:38:12,255 INFO [org.quartz.core.QuartzScheduler] - JobFactory set to: org.springframework.scheduling.quartz.AdaptableJobFactory@350b4b17
2017-10-08 13:38:12,399 INFO [org.jasig.cas.util.AutowiringSchedulerFactoryBean] - Starting Quartz Scheduler now
2017-10-08 13:38:12,399 INFO [org.jasig.cas.util.AutowiringSchedulerFactoryBean] - Starting Quartz Scheduler now
2017-10-08 13:38:12,399 INFO [org.quartz.core.QuartzScheduler] - Scheduler scheduler_$_NON_CLUSTERED started.
2017-10-08 13:38:31,895 INFO [org.jasig.cas.ticket.registry.support.DefaultTicketRegistryCleaner] - Beginning ticket cleanup.
2017-10-08 13:38:31,895 INFO [org.jasig.cas.ticket.registry.support.DefaultTicketRegistryCleaner] - Beginning ticket cleanup.
2017-10-08 13:38:31,897 INFO [org.jasig.cas.ticket.registry.support.DefaultTicketRegistryCleaner] - 0 tickets found to be removed.
2017-10-08 13:38:31,897 INFO [org.jasig.cas.ticket.registry.support.DefaultTicketRegistryCleaner] - 0 tickets found to be removed.
2017-10-08 13:38:31,897 INFO [org.jasig.cas.ticket.registry.support.DefaultTicketRegistryCleaner] - Finished ticket cleanup.
2017-10-08 13:38:31,897 INFO [org.jasig.cas.ticket.registry.support.DefaultTicketRegistryCleaner] - Finished ticket cleanup.
2017-10-08 13:39:46,809 INFO [org.quartz.core.QuartzScheduler] - Scheduler scheduler_$_NON_CLUSTERED paused.
2017-10-08 13:39:46,809 INFO [org.jasig.cas.util.AutowiringSchedulerFactoryBean] - Shutting down Quartz Scheduler
2017-10-08 13:39:46,809 INFO [org.jasig.cas.util.AutowiringSchedulerFactoryBean] - Shutting down Quartz Scheduler
2017-10-08 13:39:46,809 INFO [org.quartz.core.QuartzScheduler] - Scheduler scheduler_$_NON_CLUSTERED shutting down.
2017-10-08 13:39:46,809 INFO [org.quartz.core.QuartzScheduler] - Scheduler scheduler_$_NON_CLUSTERED paused.
2017-10-08 13:39:46,809 INFO [org.quartz.core.QuartzScheduler] - Scheduler scheduler_$_NON_CLUSTERED shutdown complete.
2017-10-08 13:39:48,802 INFO [org.hibernate.validator.util.Version] - Hibernate Validator 4.2.0.Final
2017-10-08 13:39:50,329 INFO [org.jasig.cas.services.DefaultServicesManagerImpl] - Loaded 1 services.
2017-10-08 13:39:50,329 INFO [org.jasig.cas.services.DefaultServicesManagerImpl] - Loaded 1 services.
2017-10-08 13:39:50,648 INFO [org.quartz.core.SchedulerSignalerImpl] - Initialized Scheduler Signaller of type: class org.quartz.core.SchedulerSignalerImpl
2017-10-08 13:39:50,648 INFO [org.quartz.core.QuartzScheduler] - Quartz Scheduler v.1.6.1 created.
2017-10-08 13:39:50,649 INFO [org.quartz.simpl.RAMJobStore] - RAMJobStore initialized.
2017-10-08 13:39:50,649 INFO [org.quartz.impl.StdSchedulerFactory] - Quartz scheduler 'scheduler' initialized from an externally provided properties instance.
2017-10-08 13:39:50,649 INFO [org.quartz.impl.StdSchedulerFactory] - Quartz scheduler version: 1.6.1
2017-10-08 13:39:50,650 INFO [org.quartz.core.QuartzScheduler] - JobFactory set to: org.springframework.scheduling.quartz.AdaptableJobFactory@3c568d31
2017-10-08 13:39:50,828 INFO [org.jasig.cas.util.AutowiringSchedulerFactoryBean] - Starting Quartz Scheduler now
2017-10-08 13:39:50,828 INFO [org.jasig.cas.util.AutowiringSchedulerFactoryBean] - Starting Quartz Scheduler now
2017-10-08 13:39:50,828 INFO [org.quartz.core.QuartzScheduler] - Scheduler scheduler_$_NON_CLUSTERED started.
2017-10-08 13:40:10,244 INFO [org.jasig.cas.ticket.registry.support.DefaultTicketRegistryCleaner] - Beginning ticket cleanup.
2017-10-08 13:40:10,244 INFO [org.jasig.cas.ticket.registry.support.DefaultTicketRegistryCleaner] - Beginning ticket cleanup.
2017-10-08 13:40:10,247 INFO [org.jasig.cas.ticket.registry.support.DefaultTicketRegistryCleaner] - 0 tickets found to be removed.
2017-10-08 13:40:10,247 INFO [org.jasig.cas.ticket.registry.support.DefaultTicketRegistryCleaner] - 0 tickets found to be removed.
2017-10-08 13:40:10,247 INFO [org.jasig.cas.ticket.registry.support.DefaultTicketRegistryCleaner] - Finished ticket cleanup.
2017-10-08 13:40:10,247 INFO [org.jasig.cas.ticket.registry.support.DefaultTicketRegistryCleaner] - Finished ticket cleanup.
2017-10-08 13:41:40,782 INFO [org.quartz.core.QuartzScheduler] - Scheduler scheduler_$_NON_CLUSTERED paused.
2017-10-08 13:41:40,782 INFO [org.jasig.cas.util.AutowiringSchedulerFactoryBean] - Shutting down Quartz Scheduler
2017-10-08 13:41:40,782 INFO [org.jasig.cas.util.AutowiringSchedulerFactoryBean] - Shutting down Quartz Scheduler
2017-10-08 13:41:40,782 INFO [org.quartz.core.QuartzScheduler] - Scheduler scheduler_$_NON_CLUSTERED shutting down.
2017-10-08 13:41:40,782 INFO [org.quartz.core.QuartzScheduler] - Scheduler scheduler_$_NON_CLUSTERED paused.
2017-10-08 13:41:40,783 INFO [org.quartz.core.QuartzScheduler] - Scheduler scheduler_$_NON_CLUSTERED shutdown complete.
2017-10-08 13:43:14,855 INFO [org.hibernate.validator.util.Version] - Hibernate Validator 4.2.0.Final
2017-10-08 13:43:16,443 INFO [org.jasig.cas.services.DefaultServicesManagerImpl] - Loaded 1 services.
2017-10-08 13:43:16,443 INFO [org.jasig.cas.services.DefaultServicesManagerImpl] - Loaded 1 services.
2017-10-08 13:43:16,768 INFO [org.quartz.core.SchedulerSignalerImpl] - Initialized Scheduler Signaller of type: class org.quartz.core.SchedulerSignalerImpl
2017-10-08 13:43:16,768 INFO [org.quartz.core.QuartzScheduler] - Quartz Scheduler v.1.6.1 created.
2017-10-08 13:43:16,769 INFO [org.quartz.simpl.RAMJobStore] - RAMJobStore initialized.
2017-10-08 13:43:16,769 INFO [org.quartz.impl.StdSchedulerFactory] - Quartz scheduler 'scheduler' initialized from an externally provided properties instance.
2017-10-08 13:43:16,769 INFO [org.quartz.impl.StdSchedulerFactory] - Quartz scheduler version: 1.6.1
2017-10-08 13:43:16,770 INFO [org.quartz.core.QuartzScheduler] - JobFactory set to: org.springframework.scheduling.quartz.AdaptableJobFactory@753257c0
2017-10-08 13:43:16,930 INFO [org.jasig.cas.util.AutowiringSchedulerFactoryBean] - Starting Quartz Scheduler now
2017-10-08 13:43:16,930 INFO [org.jasig.cas.util.AutowiringSchedulerFactoryBean] - Starting Quartz Scheduler now
2017-10-08 13:43:16,930 INFO [org.quartz.core.QuartzScheduler] - Scheduler scheduler_$_NON_CLUSTERED started.
2017-10-08 13:43:36,329 INFO [org.jasig.cas.ticket.registry.support.DefaultTicketRegistryCleaner] - Beginning ticket cleanup.
2017-10-08 13:43:36,329 INFO [org.jasig.cas.ticket.registry.support.DefaultTicketRegistryCleaner] - Beginning ticket cleanup.
2017-10-08 13:43:36,332 INFO [org.jasig.cas.ticket.registry.support.DefaultTicketRegistryCleaner] - 0 tickets found to be removed.
2017-10-08 13:43:36,332 INFO [org.jasig.cas.ticket.registry.support.DefaultTicketRegistryCleaner] - 0 tickets found to be removed.
2017-10-08 13:43:36,332 INFO [org.jasig.cas.ticket.registry.support.DefaultTicketRegistryCleaner] - Finished ticket cleanup.
2017-10-08 13:43:36,332 INFO [org.jasig.cas.ticket.registry.support.DefaultTicketRegistryCleaner] - Finished ticket cleanup.
2017-10-08 13:45:16,490 INFO [org.jasig.cas.services.DefaultServicesManagerImpl] - Reloading registered services.
2017-10-08 13:45:16,490 INFO [org.jasig.cas.services.DefaultServicesManagerImpl] - Reloading registered services.
2017-10-08 13:45:16,491 INFO [org.jasig.cas.services.DefaultServicesManagerImpl] - Loaded 1 services.
2017-10-08 13:45:16,491 INFO [org.jasig.cas.services.DefaultServicesManagerImpl] - Loaded 1 services.
2017-10-08 13:46:45,377 INFO [org.quartz.core.QuartzScheduler] - Scheduler scheduler_$_NON_CLUSTERED paused.
2017-10-08 13:46:45,377 INFO [org.jasig.cas.util.AutowiringSchedulerFactoryBean] - Shutting down Quartz Scheduler
2017-10-08 13:46:45,377 INFO [org.jasig.cas.util.AutowiringSchedulerFactoryBean] - Shutting down Quartz Scheduler
2017-10-08 13:46:45,377 INFO [org.quartz.core.QuartzScheduler] - Scheduler scheduler_$_NON_CLUSTERED shutting down.
2017-10-08 13:46:45,377 INFO [org.quartz.core.QuartzScheduler] - Scheduler scheduler_$_NON_CLUSTERED paused.
2017-10-08 13:46:45,378 INFO [org.quartz.core.QuartzScheduler] - Scheduler scheduler_$_NON_CLUSTERED shutdown complete.
2017-10-08 13:50:50,028 INFO [org.hibernate.validator.util.Version] - Hibernate Validator 4.2.0.Final
2017-10-08 13:50:51,589 INFO [org.jasig.cas.services.DefaultServicesManagerImpl] - Loaded 1 services.
2017-10-08 13:50:51,589 INFO [org.jasig.cas.services.DefaultServicesManagerImpl] - Loaded 1 services.
2017-10-08 13:50:51,883 INFO [org.quartz.core.SchedulerSignalerImpl] - Initialized Scheduler Signaller of type: class org.quartz.core.SchedulerSignalerImpl
2017-10-08 13:50:51,883 INFO [org.quartz.core.QuartzScheduler] - Quartz Scheduler v.1.6.1 created.
2017-10-08 13:50:51,883 INFO [org.quartz.simpl.RAMJobStore] - RAMJobStore initialized.
2017-10-08 13:50:51,883 INFO [org.quartz.impl.StdSchedulerFactory] - Quartz scheduler 'scheduler' initialized from an externally provided properties instance.
2017-10-08 13:50:51,883 INFO [org.quartz.impl.StdSchedulerFactory] - Quartz scheduler version: 1.6.1
2017-10-08 13:50:51,885 INFO [org.quartz.core.QuartzScheduler] - JobFactory set to: org.springframework.scheduling.quartz.AdaptableJobFactory@1776b8a7
2017-10-08 13:50:52,115 INFO [org.jasig.cas.util.AutowiringSchedulerFactoryBean] - Starting Quartz Scheduler now
2017-10-08 13:50:52,115 INFO [org.jasig.cas.util.AutowiringSchedulerFactoryBean] - Starting Quartz Scheduler now
2017-10-08 13:50:52,115 INFO [org.quartz.core.QuartzScheduler] - Scheduler scheduler_$_NON_CLUSTERED started.
2017-10-08 13:51:11,499 INFO [org.jasig.cas.ticket.registry.support.DefaultTicketRegistryCleaner] - Beginning ticket cleanup.
2017-10-08 13:51:11,499 INFO [org.jasig.cas.ticket.registry.support.DefaultTicketRegistryCleaner] - Beginning ticket cleanup.
2017-10-08 13:51:11,502 INFO [org.jasig.cas.ticket.registry.support.DefaultTicketRegistryCleaner] - 0 tickets found to be removed.
2017-10-08 13:51:11,502 INFO [org.jasig.cas.ticket.registry.support.DefaultTicketRegistryCleaner] - 0 tickets found to be removed.
2017-10-08 13:51:11,502 INFO [org.jasig.cas.ticket.registry.support.DefaultTicketRegistryCleaner] - Finished ticket cleanup.
2017-10-08 13:51:11,502 INFO [org.jasig.cas.ticket.registry.support.DefaultTicketRegistryCleaner] - Finished ticket cleanup.
2017-10-08 13:52:51,628 INFO [org.jasig.cas.services.DefaultServicesManagerImpl] - Reloading registered services.
2017-10-08 13:52:51,628 INFO [org.jasig.cas.services.DefaultServicesManagerImpl] - Reloading registered services.
2017-10-08 13:52:51,628 INFO [org.jasig.cas.services.DefaultServicesManagerImpl] - Loaded 1 services.
2017-10-08 13:52:51,628 INFO [org.jasig.cas.services.DefaultServicesManagerImpl] - Loaded 1 services.
2017-10-08 13:54:51,610 INFO [org.jasig.cas.services.DefaultServicesManagerImpl] - Reloading registered services.
2017-10-08 13:54:51,610 INFO [org.jasig.cas.services.DefaultServicesManagerImpl] - Reloading registered services.
2017-10-08 13:54:51,610 INFO [org.jasig.cas.services.DefaultServicesManagerImpl] - Loaded 1 services.
2017-10-08 13:54:51,610 INFO [org.jasig.cas.services.DefaultServicesManagerImpl] - Loaded 1 services.
2017-10-08 13:56:51,610 INFO [org.jasig.cas.services.DefaultServicesManagerImpl] - Reloading registered services.
2017-10-08 13:56:51,610 INFO [org.jasig.cas.services.DefaultServicesManagerImpl] - Reloading registered services.
2017-10-08 13:56:51,610 INFO [org.jasig.cas.services.DefaultServicesManagerImpl] - Loaded 1 services.
2017-10-08 13:56:51,610 INFO [org.jasig.cas.services.DefaultServicesManagerImpl] - Loaded 1 services.
2017-10-08 13:58:51,610 INFO [org.jasig.cas.services.DefaultServicesManagerImpl] - Reloading registered services.
2017-10-08 13:58:51,610 INFO [org.jasig.cas.services.DefaultServicesManagerImpl] - Reloading registered services.
2017-10-08 13:58:51,610 INFO [org.jasig.cas.services.DefaultServicesManagerImpl] - Loaded 1 services.
2017-10-08 13:58:51,610 INFO [org.jasig.cas.services.DefaultServicesManagerImpl] - Loaded 1 services.
2017-10-08 14:00:51,610 INFO [org.jasig.cas.services.DefaultServicesManagerImpl] - Reloading registered services.
2017-10-08 14:00:51,610 INFO [org.jasig.cas.services.DefaultServicesManagerImpl] - Reloading registered services.
2017-10-08 14:00:51,610 INFO [org.jasig.cas.services.DefaultServicesManagerImpl] - Loaded 1 services.
2017-10-08 14:00:51,610 INFO [org.jasig.cas.services.DefaultServicesManagerImpl] - Loaded 1 services.
2017-10-08 14:02:51,610 INFO [org.jasig.cas.services.DefaultServicesManagerImpl] - Reloading registered services.
2017-10-08 14:02:51,610 INFO [org.jasig.cas.services.DefaultServicesManagerImpl] - Reloading registered services.
2017-10-08 14:02:51,610 INFO [org.jasig.cas.services.DefaultServicesManagerImpl] - Loaded 1 services.
2017-10-08 14:02:51,610 INFO [org.jasig.cas.services.DefaultServicesManagerImpl] - Loaded 1 services.
2017-10-08 14:02:55,682 INFO [org.quartz.core.QuartzScheduler] - Scheduler scheduler_$_NON_CLUSTERED paused.
2017-10-08 14:02:55,682 INFO [org.jasig.cas.util.AutowiringSchedulerFactoryBean] - Shutting down Quartz Scheduler
2017-10-08 14:02:55,682 INFO [org.jasig.cas.util.AutowiringSchedulerFactoryBean] - Shutting down Quartz Scheduler
2017-10-08 14:02:55,682 INFO [org.quartz.core.QuartzScheduler] - Scheduler scheduler_$_NON_CLUSTERED shutting down.
2017-10-08 14:02:55,683 INFO [org.quartz.core.QuartzScheduler] - Scheduler scheduler_$_NON_CLUSTERED paused.
2017-10-08 14:02:55,683 INFO [org.quartz.core.QuartzScheduler] - Scheduler scheduler_$_NON_CLUSTERED shutdown complete.
2017-10-08 14:02:57,572 INFO [org.hibernate.validator.util.Version] - Hibernate Validator 4.2.0.Final
2017-10-08 14:02:59,097 INFO [org.jasig.cas.services.DefaultServicesManagerImpl] - Loaded 1 services.
2017-10-08 14:02:59,097 INFO [org.jasig.cas.services.DefaultServicesManagerImpl] - Loaded 1 services.
2017-10-08 14:02:59,379 INFO [org.quartz.core.SchedulerSignalerImpl] - Initialized Scheduler Signaller of type: class org.quartz.core.SchedulerSignalerImpl
2017-10-08 14:02:59,379 INFO [org.quartz.core.QuartzScheduler] - Quartz Scheduler v.1.6.1 created.
2017-10-08 14:02:59,380 INFO [org.quartz.simpl.RAMJobStore] - RAMJobStore initialized.
2017-10-08 14:02:59,380 INFO [org.quartz.impl.StdSchedulerFactory] - Quartz scheduler 'scheduler' initialized from an externally provided properties instance.
2017-10-08 14:02:59,380 INFO [org.quartz.impl.StdSchedulerFactory] - Quartz scheduler version: 1.6.1
2017-10-08 14:02:59,381 INFO [org.quartz.core.QuartzScheduler] - JobFactory set to: org.springframework.scheduling.quartz.AdaptableJobFactory@773017c9
2017-10-08 14:02:59,535 INFO [org.jasig.cas.util.AutowiringSchedulerFactoryBean] - Starting Quartz Scheduler now
2017-10-08 14:02:59,535 INFO [org.jasig.cas.util.AutowiringSchedulerFactoryBean] - Starting Quartz Scheduler now
2017-10-08 14:02:59,535 INFO [org.quartz.core.QuartzScheduler] - Scheduler scheduler_$_NON_CLUSTERED started.
2017-10-08 14:03:19,011 INFO [org.jasig.cas.ticket.registry.support.DefaultTicketRegistryCleaner] - Beginning ticket cleanup.
2017-10-08 14:03:19,011 INFO [org.jasig.cas.ticket.registry.support.DefaultTicketRegistryCleaner] - Beginning ticket cleanup.
2017-10-08 14:03:19,013 INFO [org.jasig.cas.ticket.registry.support.DefaultTicketRegistryCleaner] - 0 tickets found to be removed.
2017-10-08 14:03:19,013 INFO [org.jasig.cas.ticket.registry.support.DefaultTicketRegistryCleaner] - 0 tickets found to be removed.
2017-10-08 14:03:19,013 INFO [org.jasig.cas.ticket.registry.support.DefaultTicketRegistryCleaner] - Finished ticket cleanup.
2017-10-08 14:03:19,013 INFO [org.jasig.cas.ticket.registry.support.DefaultTicketRegistryCleaner] - Finished ticket cleanup.
2017-10-08 14:04:59,129 INFO [org.jasig.cas.services.DefaultServicesManagerImpl] - Reloading registered services.
2017-10-08 14:04:59,129 INFO [org.jasig.cas.services.DefaultServicesManagerImpl] - Reloading registered services.
2017-10-08 14:04:59,129 INFO [org.jasig.cas.services.DefaultServicesManagerImpl] - Loaded 1 services.
2017-10-08 14:04:59,129 INFO [org.jasig.cas.services.DefaultServicesManagerImpl] - Loaded 1 services.
2017-10-08 14:04:59,555 INFO [org.hibernate.validator.util.Version] - Hibernate Validator 4.2.0.Final
2017-10-08 14:05:00,983 INFO [org.jasig.cas.services.DefaultServicesManagerImpl] - Loaded 1 services.
2017-10-08 14:05:00,983 INFO [org.jasig.cas.services.DefaultServicesManagerImpl] - Loaded 1 services.
2017-10-08 14:05:01,335 INFO [org.quartz.core.SchedulerSignalerImpl] - Initialized Scheduler Signaller of type: class org.quartz.core.SchedulerSignalerImpl
2017-10-08 14:05:01,336 INFO [org.quartz.core.QuartzScheduler] - Quartz Scheduler v.1.6.1 created.
2017-10-08 14:05:01,336 INFO [org.quartz.simpl.RAMJobStore] - RAMJobStore initialized.
2017-10-08 14:05:01,336 INFO [org.quartz.impl.StdSchedulerFactory] - Quartz scheduler 'scheduler' initialized from an externally provided properties instance.
2017-10-08 14:05:01,336 INFO [org.quartz.impl.StdSchedulerFactory] - Quartz scheduler version: 1.6.1
2017-10-08 14:05:01,337 INFO [org.quartz.core.QuartzScheduler] - JobFactory set to: org.springframework.scheduling.quartz.AdaptableJobFactory@5a1fdd67
2017-10-08 14:05:01,480 INFO [org.jasig.cas.util.AutowiringSchedulerFactoryBean] - Starting Quartz Scheduler now
2017-10-08 14:05:01,480 INFO [org.jasig.cas.util.AutowiringSchedulerFactoryBean] - Starting Quartz Scheduler now
2017-10-08 14:05:01,480 INFO [org.quartz.core.QuartzScheduler] - Scheduler scheduler_$_NON_CLUSTERED started.
2017-10-08 14:05:01,969 INFO [org.quartz.core.QuartzScheduler] - Scheduler scheduler_$_NON_CLUSTERED paused.
2017-10-08 14:05:01,969 INFO [org.jasig.cas.util.AutowiringSchedulerFactoryBean] - Shutting down Quartz Scheduler
2017-10-08 14:05:01,969 INFO [org.jasig.cas.util.AutowiringSchedulerFactoryBean] - Shutting down Quartz Scheduler
2017-10-08 14:05:01,969 INFO [org.quartz.core.QuartzScheduler] - Scheduler scheduler_$_NON_CLUSTERED shutting down.
2017-10-08 14:05:01,969 INFO [org.quartz.core.QuartzScheduler] - Scheduler scheduler_$_NON_CLUSTERED paused.
2017-10-08 14:05:01,970 INFO [org.quartz.core.QuartzScheduler] - Scheduler scheduler_$_NON_CLUSTERED shutdown complete.
2017-10-08 14:06:59,119 INFO [org.jasig.cas.services.DefaultServicesManagerImpl] - Reloading registered services.
2017-10-08 14:06:59,119 INFO [org.jasig.cas.services.DefaultServicesManagerImpl] - Reloading registered services.
2017-10-08 14:06:59,119 INFO [org.jasig.cas.services.DefaultServicesManagerImpl] - Loaded 1 services.
2017-10-08 14:06:59,119 INFO [org.jasig.cas.services.DefaultServicesManagerImpl] - Loaded 1 services.
2017-10-08 14:08:59,119 INFO [org.jasig.cas.services.DefaultServicesManagerImpl] - Reloading registered services.
2017-10-08 14:08:59,119 INFO [org.jasig.cas.services.DefaultServicesManagerImpl] - Reloading registered services.
2017-10-08 14:08:59,119 INFO [org.jasig.cas.services.DefaultServicesManagerImpl] - Loaded 1 services.
2017-10-08 14:08:59,119 INFO [org.jasig.cas.services.DefaultServicesManagerImpl] - Loaded 1 services.
2017-10-08 15:32:59,119 INFO [org.jasig.cas.services.DefaultServicesManagerImpl] - Reloading registered services.
2017-10-08 15:32:59,119 INFO [org.jasig.cas.services.DefaultServicesManagerImpl] - Reloading registered services.
2017-10-08 15:32:59,119 INFO [org.jasig.cas.services.DefaultServicesManagerImpl] - Loaded 1 services.
2017-10-08 15:32:59,119 INFO [org.jasig.cas.services.DefaultServicesManagerImpl] - Loaded 1 services.
2017-10-08 15:34:59,119 INFO [org.jasig.cas.services.DefaultServicesManagerImpl] - Reloading registered services.
2017-10-08 15:34:59,119 INFO [org.jasig.cas.services.DefaultServicesManagerImpl] - Reloading registered services.
2017-10-08 15:34:59,119 INFO [org.jasig.cas.services.DefaultServicesManagerImpl] - Loaded 1 services.
2017-10-08 15:34:59,119 INFO [org.jasig.cas.services.DefaultServicesManagerImpl] - Loaded 1 services.
2017-10-08 15:36:37,032 INFO [org.quartz.core.QuartzScheduler] - Scheduler scheduler_$_NON_CLUSTERED paused.
2017-10-08 15:36:37,033 INFO [org.jasig.cas.util.AutowiringSchedulerFactoryBean] - Shutting down Quartz Scheduler
2017-10-08 15:36:37,033 INFO [org.jasig.cas.util.AutowiringSchedulerFactoryBean] - Shutting down Quartz Scheduler
2017-10-08 15:36:37,033 INFO [org.quartz.core.QuartzScheduler] - Scheduler scheduler_$_NON_CLUSTERED shutting down.
2017-10-08 15:36:37,033 INFO [org.quartz.core.QuartzScheduler] - Scheduler scheduler_$_NON_CLUSTERED paused.
2017-10-08 15:36:37,034 INFO [org.quartz.core.QuartzScheduler] - Scheduler scheduler_$_NON_CLUSTERED shutdown complete.
2017-10-08 15:40:28,263 INFO [org.hibernate.validator.util.Version] - Hibernate Validator 4.2.0.Final
2017-10-08 15:40:29,667 INFO [org.jasig.cas.services.DefaultServicesManagerImpl] - Loaded 1 services.
2017-10-08 15:40:29,667 INFO [org.jasig.cas.services.DefaultServicesManagerImpl] - Loaded 1 services.
2017-10-08 15:40:29,942 INFO [org.quartz.core.SchedulerSignalerImpl] - Initialized Scheduler Signaller of type: class org.quartz.core.SchedulerSignalerImpl
2017-10-08 15:40:29,942 INFO [org.quartz.core.QuartzScheduler] - Quartz Scheduler v.1.6.1 created.
2017-10-08 15:40:29,943 INFO [org.quartz.simpl.RAMJobStore] - RAMJobStore initialized.
2017-10-08 15:40:29,943 INFO [org.quartz.impl.StdSchedulerFactory] - Quartz scheduler 'scheduler' initialized from an externally provided properties instance.
2017-10-08 15:40:29,943 INFO [org.quartz.impl.StdSchedulerFactory] - Quartz scheduler version: 1.6.1
2017-10-08 15:40:29,944 INFO [org.quartz.core.QuartzScheduler] - JobFactory set to: org.springframework.scheduling.quartz.AdaptableJobFactory@665def59
2017-10-08 15:40:30,088 INFO [org.jasig.cas.util.AutowiringSchedulerFactoryBean] - Starting Quartz Scheduler now
2017-10-08 15:40:30,088 INFO [org.jasig.cas.util.AutowiringSchedulerFactoryBean] - Starting Quartz Scheduler now
2017-10-08 15:40:30,088 INFO [org.quartz.core.QuartzScheduler] - Scheduler scheduler_$_NON_CLUSTERED started.
2017-10-08 15:40:49,587 INFO [org.jasig.cas.ticket.registry.support.DefaultTicketRegistryCleaner] - Beginning ticket cleanup.
2017-10-08 15:40:49,587 INFO [org.jasig.cas.ticket.registry.support.DefaultTicketRegistryCleaner] - Beginning ticket cleanup.
2017-10-08 15:40:49,589 INFO [org.jasig.cas.ticket.registry.support.DefaultTicketRegistryCleaner] - 0 tickets found to be removed.
2017-10-08 15:40:49,589 INFO [org.jasig.cas.ticket.registry.support.DefaultTicketRegistryCleaner] - 0 tickets found to be removed.
2017-10-08 15:40:49,589 INFO [org.jasig.cas.ticket.registry.support.DefaultTicketRegistryCleaner] - Finished ticket cleanup.
2017-10-08 15:40:49,589 INFO [org.jasig.cas.ticket.registry.support.DefaultTicketRegistryCleaner] - Finished ticket cleanup.
2017-10-08 15:42:29,701 INFO [org.jasig.cas.services.DefaultServicesManagerImpl] - Reloading registered services.
2017-10-08 15:42:29,701 INFO [org.jasig.cas.services.DefaultServicesManagerImpl] - Reloading registered services.
2017-10-08 15:42:29,702 INFO [org.jasig.cas.services.DefaultServicesManagerImpl] - Loaded 1 services.
2017-10-08 15:42:29,702 INFO [org.jasig.cas.services.DefaultServicesManagerImpl] - Loaded 1 services.
2017-10-08 15:43:07,781 INFO [org.quartz.core.QuartzScheduler] - Scheduler scheduler_$_NON_CLUSTERED paused.
2017-10-08 15:43:07,781 INFO [org.jasig.cas.util.AutowiringSchedulerFactoryBean] - Shutting down Quartz Scheduler
2017-10-08 15:43:07,781 INFO [org.jasig.cas.util.AutowiringSchedulerFactoryBean] - Shutting down Quartz Scheduler
2017-10-08 15:43:07,781 INFO [org.quartz.core.QuartzScheduler] - Scheduler scheduler_$_NON_CLUSTERED shutting down.
2017-10-08 15:43:07,781 INFO [org.quartz.core.QuartzScheduler] - Scheduler scheduler_$_NON_CLUSTERED paused.
2017-10-08 15:43:07,782 INFO [org.quartz.core.QuartzScheduler] - Scheduler scheduler_$_NON_CLUSTERED shutdown complete.
2017-10-08 15:44:44,306 INFO [org.hibernate.validator.util.Version] - Hibernate Validator 4.2.0.Final
2017-10-08 15:44:45,712 INFO [org.jasig.cas.services.DefaultServicesManagerImpl] - Loaded 1 services.
2017-10-08 15:44:45,712 INFO [org.jasig.cas.services.DefaultServicesManagerImpl] - Loaded 1 services.
2017-10-08 15:44:45,981 INFO [org.quartz.core.SchedulerSignalerImpl] - Initialized Scheduler Signaller of type: class org.quartz.core.SchedulerSignalerImpl
2017-10-08 15:44:45,981 INFO [org.quartz.core.QuartzScheduler] - Quartz Scheduler v.1.6.1 created.
2017-10-08 15:44:45,982 INFO [org.quartz.simpl.RAMJobStore] - RAMJobStore initialized.
2017-10-08 15:44:45,982 INFO [org.quartz.impl.StdSchedulerFactory] - Quartz scheduler 'scheduler' initialized from an externally provided properties instance.
2017-10-08 15:44:45,982 INFO [org.quartz.impl.StdSchedulerFactory] - Quartz scheduler version: 1.6.1
2017-10-08 15:44:45,983 INFO [org.quartz.core.QuartzScheduler] - JobFactory set to: org.springframework.scheduling.quartz.AdaptableJobFactory@703c7e17
2017-10-08 15:44:46,121 INFO [org.jasig.cas.util.AutowiringSchedulerFactoryBean] - Starting Quartz Scheduler now
2017-10-08 15:44:46,121 INFO [org.jasig.cas.util.AutowiringSchedulerFactoryBean] - Starting Quartz Scheduler now
2017-10-08 15:44:46,121 INFO [org.quartz.core.QuartzScheduler] - Scheduler scheduler_$_NON_CLUSTERED started.
2017-10-08 15:45:05,629 INFO [org.jasig.cas.ticket.registry.support.DefaultTicketRegistryCleaner] - Beginning ticket cleanup.
2017-10-08 15:45:05,629 INFO [org.jasig.cas.ticket.registry.support.DefaultTicketRegistryCleaner] - Beginning ticket cleanup.
2017-10-08 15:45:05,632 INFO [org.jasig.cas.ticket.registry.support.DefaultTicketRegistryCleaner] - 0 tickets found to be removed.
2017-10-08 15:45:05,632 INFO [org.jasig.cas.ticket.registry.support.DefaultTicketRegistryCleaner] - 0 tickets found to be removed.
2017-10-08 15:45:05,632 INFO [org.jasig.cas.ticket.registry.support.DefaultTicketRegistryCleaner] - Finished ticket cleanup.
2017-10-08 15:45:05,632 INFO [org.jasig.cas.ticket.registry.support.DefaultTicketRegistryCleaner] - Finished ticket cleanup.
2017-10-08 15:46:28,109 INFO [org.quartz.core.QuartzScheduler] - Scheduler scheduler_$_NON_CLUSTERED paused.
2017-10-08 15:46:28,109 INFO [org.jasig.cas.util.AutowiringSchedulerFactoryBean] - Shutting down Quartz Scheduler
2017-10-08 15:46:28,109 INFO [org.jasig.cas.util.AutowiringSchedulerFactoryBean] - Shutting down Quartz Scheduler
2017-10-08 15:46:28,109 INFO [org.quartz.core.QuartzScheduler] - Scheduler scheduler_$_NON_CLUSTERED shutting down.
2017-10-08 15:46:28,109 INFO [org.quartz.core.QuartzScheduler] - Scheduler scheduler_$_NON_CLUSTERED paused.
2017-10-08 15:46:28,110 INFO [org.quartz.core.QuartzScheduler] - Scheduler scheduler_$_NON_CLUSTERED shutdown complete.
2017-10-08 15:54:54,074 INFO [org.hibernate.validator.util.Version] - Hibernate Validator 4.2.0.Final
2017-10-08 15:54:55,634 INFO [org.jasig.cas.services.DefaultServicesManagerImpl] - Loaded 1 services.
2017-10-08 15:54:55,634 INFO [org.jasig.cas.services.DefaultServicesManagerImpl] - Loaded 1 services.
2017-10-08 15:54:55,903 INFO [org.quartz.core.SchedulerSignalerImpl] - Initialized Scheduler Signaller of type: class org.quartz.core.SchedulerSignalerImpl
2017-10-08 15:54:55,903 INFO [org.quartz.core.QuartzScheduler] - Quartz Scheduler v.1.6.1 created.
2017-10-08 15:54:55,904 INFO [org.quartz.simpl.RAMJobStore] - RAMJobStore initialized.
2017-10-08 15:54:55,904 INFO [org.quartz.impl.StdSchedulerFactory] - Quartz scheduler 'scheduler' initialized from an externally provided properties instance.
2017-10-08 15:54:55,904 INFO [org.quartz.impl.StdSchedulerFactory] - Quartz scheduler version: 1.6.1
2017-10-08 15:54:55,905 INFO [org.quartz.core.QuartzScheduler] - JobFactory set to: org.springframework.scheduling.quartz.AdaptableJobFactory@3b8d8c2c
2017-10-08 15:54:56,052 INFO [org.jasig.cas.util.AutowiringSchedulerFactoryBean] - Starting Quartz Scheduler now
2017-10-08 15:54:56,052 INFO [org.jasig.cas.util.AutowiringSchedulerFactoryBean] - Starting Quartz Scheduler now
2017-10-08 15:54:56,052 INFO [org.quartz.core.QuartzScheduler] - Scheduler scheduler_$_NON_CLUSTERED started.
2017-10-08 15:55:15,549 INFO [org.jasig.cas.ticket.registry.support.DefaultTicketRegistryCleaner] - Beginning ticket cleanup.
2017-10-08 15:55:15,549 INFO [org.jasig.cas.ticket.registry.support.DefaultTicketRegistryCleaner] - Beginning ticket cleanup.
2017-10-08 15:55:15,552 INFO [org.jasig.cas.ticket.registry.support.DefaultTicketRegistryCleaner] - 0 tickets found to be removed.
2017-10-08 15:55:15,552 INFO [org.jasig.cas.ticket.registry.support.DefaultTicketRegistryCleaner] - 0 tickets found to be removed.
2017-10-08 15:55:15,552 INFO [org.jasig.cas.ticket.registry.support.DefaultTicketRegistryCleaner] - Finished ticket cleanup.
2017-10-08 15:55:15,552 INFO [org.jasig.cas.ticket.registry.support.DefaultTicketRegistryCleaner] - Finished ticket cleanup.
2017-10-08 15:56:55,670 INFO [org.jasig.cas.services.DefaultServicesManagerImpl] - Reloading registered services.
2017-10-08 15:56:55,670 INFO [org.jasig.cas.services.DefaultServicesManagerImpl] - Reloading registered services.
2017-10-08 15:56:55,672 INFO [org.jasig.cas.services.DefaultServicesManagerImpl] - Loaded 1 services.
2017-10-08 15:56:55,672 INFO [org.jasig.cas.services.DefaultServicesManagerImpl] - Loaded 1 services.
