INFO  [main] o.s.web.context.ContextLoader 2017-10-08 13:22:09,480 - Root WebApplicationContext: initialization started
INFO  [main] o.s.w.c.s.XmlWebApplicationContext 2017-10-08 13:22:09,534 - Refreshing Root WebApplicationContext: startup date [Sun Oct 08 13:22:09 BST 2017]; root of context hierarchy
INFO  [main] o.s.b.f.xml.XmlBeanDefinitionReader 2017-10-08 13:22:09,561 - Loading XML bean definitions from ServletContext resource [/WEB-INF/context/applicationContext.xml]
INFO  [main] o.s.b.f.xml.XmlBeanDefinitionReader 2017-10-08 13:22:09,763 - Loading XML bean definitions from ServletContext resource [/WEB-INF/context/casContext.xml]
INFO  [main] o.s.b.f.c.PropertyPlaceholderConfigurer 2017-10-08 13:22:09,844 - Loading properties file from class path resource [configuration.properties]
INFO  [main] o.s.b.f.xml.XmlBeanDefinitionReader 2017-10-08 13:22:09,894 - Loading XML bean definitions from ServletContext resource [/WEB-INF/context/views.xml]
INFO  [main] o.s.w.c.s.GenericWebApplicationContext 2017-10-08 13:22:09,902 - Refreshing org.springframework.web.context.support.GenericWebApplicationContext@5d68294d: startup date [Sun Oct 08 13:22:09 BST 2017]; parent: Root WebApplicationContext
ERROR [main] o.j.p.e.s.JasyptPBEStringEncryptionServiceImpl 2017-10-08 13:22:10,059 - Encryption key at default value.  Change it in configuration.properties for improved security!
INFO  [main] o.s.web.context.ContextLoader 2017-10-08 13:22:10,097 - Root WebApplicationContext: initialization completed in 616 ms
INFO  [main] o.s.w.c.s.XmlWebApplicationContext 2017-10-08 13:23:17,061 - Closing Root WebApplicationContext: startup date [Sun Oct 08 13:22:09 BST 2017]; root of context hierarchy
INFO  [main] o.s.w.c.s.GenericWebApplicationContext 2017-10-08 13:23:17,061 - Closing org.springframework.web.context.support.GenericWebApplicationContext@5d68294d: startup date [Sun Oct 08 13:22:09 BST 2017]; parent: Root WebApplicationContext
INFO  [main] o.s.web.context.ContextLoader 2017-10-08 13:24:02,876 - Root WebApplicationContext: initialization started
INFO  [main] o.s.w.c.s.XmlWebApplicationContext 2017-10-08 13:24:02,926 - Refreshing Root WebApplicationContext: startup date [Sun Oct 08 13:24:02 BST 2017]; root of context hierarchy
INFO  [main] o.s.b.f.xml.XmlBeanDefinitionReader 2017-10-08 13:24:02,952 - Loading XML bean definitions from ServletContext resource [/WEB-INF/context/applicationContext.xml]
INFO  [main] o.s.b.f.xml.XmlBeanDefinitionReader 2017-10-08 13:24:03,158 - Loading XML bean definitions from ServletContext resource [/WEB-INF/context/casContext.xml]
INFO  [main] o.s.b.f.c.PropertyPlaceholderConfigurer 2017-10-08 13:24:03,242 - Loading properties file from class path resource [configuration.properties]
INFO  [main] o.s.b.f.xml.XmlBeanDefinitionReader 2017-10-08 13:24:03,290 - Loading XML bean definitions from ServletContext resource [/WEB-INF/context/views.xml]
INFO  [main] o.s.w.c.s.GenericWebApplicationContext 2017-10-08 13:24:03,299 - Refreshing org.springframework.web.context.support.GenericWebApplicationContext@63fb404d: startup date [Sun Oct 08 13:24:03 BST 2017]; parent: Root WebApplicationContext
ERROR [main] o.j.p.e.s.JasyptPBEStringEncryptionServiceImpl 2017-10-08 13:24:03,456 - Encryption key at default value.  Change it in configuration.properties for improved security!
INFO  [main] o.s.web.context.ContextLoader 2017-10-08 13:24:03,493 - Root WebApplicationContext: initialization completed in 616 ms
INFO  [main] o.s.w.c.s.XmlWebApplicationContext 2017-10-08 13:29:46,113 - Closing Root WebApplicationContext: startup date [Sun Oct 08 13:24:02 BST 2017]; root of context hierarchy
INFO  [main] o.s.w.c.s.GenericWebApplicationContext 2017-10-08 13:29:46,114 - Closing org.springframework.web.context.support.GenericWebApplicationContext@63fb404d: startup date [Sun Oct 08 13:24:03 BST 2017]; parent: Root WebApplicationContext
INFO  [main] o.s.web.context.ContextLoader 2017-10-08 13:30:23,141 - Root WebApplicationContext: initialization started
INFO  [main] o.s.w.c.s.XmlWebApplicationContext 2017-10-08 13:30:23,191 - Refreshing Root WebApplicationContext: startup date [Sun Oct 08 13:30:23 BST 2017]; root of context hierarchy
INFO  [main] o.s.b.f.xml.XmlBeanDefinitionReader 2017-10-08 13:30:23,217 - Loading XML bean definitions from ServletContext resource [/WEB-INF/context/applicationContext.xml]
INFO  [main] o.s.b.f.xml.XmlBeanDefinitionReader 2017-10-08 13:30:23,421 - Loading XML bean definitions from ServletContext resource [/WEB-INF/context/casContext.xml]
INFO  [main] o.s.b.f.c.PropertyPlaceholderConfigurer 2017-10-08 13:30:23,504 - Loading properties file from class path resource [configuration.properties]
INFO  [main] o.s.b.f.xml.XmlBeanDefinitionReader 2017-10-08 13:30:23,553 - Loading XML bean definitions from ServletContext resource [/WEB-INF/context/views.xml]
INFO  [main] o.s.w.c.s.GenericWebApplicationContext 2017-10-08 13:30:23,561 - Refreshing org.springframework.web.context.support.GenericWebApplicationContext@657f8754: startup date [Sun Oct 08 13:30:23 BST 2017]; parent: Root WebApplicationContext
ERROR [main] o.j.p.e.s.JasyptPBEStringEncryptionServiceImpl 2017-10-08 13:30:23,716 - Encryption key at default value.  Change it in configuration.properties for improved security!
INFO  [main] o.s.web.context.ContextLoader 2017-10-08 13:30:23,752 - Root WebApplicationContext: initialization completed in 610 ms
INFO  [main] o.s.w.c.s.XmlWebApplicationContext 2017-10-08 13:33:03,199 - Closing Root WebApplicationContext: startup date [Sun Oct 08 13:30:23 BST 2017]; root of context hierarchy
INFO  [main] o.s.w.c.s.GenericWebApplicationContext 2017-10-08 13:33:03,200 - Closing org.springframework.web.context.support.GenericWebApplicationContext@657f8754: startup date [Sun Oct 08 13:30:23 BST 2017]; parent: Root WebApplicationContext
INFO  [main] o.s.web.context.ContextLoader 2017-10-08 13:34:07,927 - Root WebApplicationContext: initialization started
INFO  [main] o.s.w.c.s.XmlWebApplicationContext 2017-10-08 13:34:07,980 - Refreshing Root WebApplicationContext: startup date [Sun Oct 08 13:34:07 BST 2017]; root of context hierarchy
INFO  [main] o.s.b.f.xml.XmlBeanDefinitionReader 2017-10-08 13:34:08,006 - Loading XML bean definitions from ServletContext resource [/WEB-INF/context/applicationContext.xml]
INFO  [main] o.s.b.f.xml.XmlBeanDefinitionReader 2017-10-08 13:34:08,213 - Loading XML bean definitions from ServletContext resource [/WEB-INF/context/casContext.xml]
INFO  [main] o.s.b.f.c.PropertyPlaceholderConfigurer 2017-10-08 13:34:08,303 - Loading properties file from class path resource [configuration.properties]
INFO  [main] o.s.b.f.xml.XmlBeanDefinitionReader 2017-10-08 13:34:08,369 - Loading XML bean definitions from ServletContext resource [/WEB-INF/context/views.xml]
INFO  [main] o.s.w.c.s.GenericWebApplicationContext 2017-10-08 13:34:08,378 - Refreshing org.springframework.web.context.support.GenericWebApplicationContext@7fc1daac: startup date [Sun Oct 08 13:34:08 BST 2017]; parent: Root WebApplicationContext
ERROR [main] o.j.p.e.s.JasyptPBEStringEncryptionServiceImpl 2017-10-08 13:34:08,550 - Encryption key at default value.  Change it in configuration.properties for improved security!
INFO  [main] o.s.web.context.ContextLoader 2017-10-08 13:34:08,592 - Root WebApplicationContext: initialization completed in 663 ms
INFO  [main] o.s.w.c.s.XmlWebApplicationContext 2017-10-08 13:35:07,152 - Closing Root WebApplicationContext: startup date [Sun Oct 08 13:34:07 BST 2017]; root of context hierarchy
INFO  [main] o.s.w.c.s.GenericWebApplicationContext 2017-10-08 13:35:07,152 - Closing org.springframework.web.context.support.GenericWebApplicationContext@7fc1daac: startup date [Sun Oct 08 13:34:08 BST 2017]; parent: Root WebApplicationContext
INFO  [main] o.s.web.context.ContextLoader 2017-10-08 13:36:13,438 - Root WebApplicationContext: initialization started
INFO  [main] o.s.w.c.s.XmlWebApplicationContext 2017-10-08 13:36:13,490 - Refreshing Root WebApplicationContext: startup date [Sun Oct 08 13:36:13 BST 2017]; root of context hierarchy
INFO  [main] o.s.b.f.xml.XmlBeanDefinitionReader 2017-10-08 13:36:13,518 - Loading XML bean definitions from ServletContext resource [/WEB-INF/context/applicationContext.xml]
INFO  [main] o.s.b.f.xml.XmlBeanDefinitionReader 2017-10-08 13:36:13,728 - Loading XML bean definitions from ServletContext resource [/WEB-INF/context/casContext.xml]
INFO  [main] o.s.b.f.c.PropertyPlaceholderConfigurer 2017-10-08 13:36:13,814 - Loading properties file from class path resource [configuration.properties]
INFO  [main] o.s.b.f.xml.XmlBeanDefinitionReader 2017-10-08 13:36:13,866 - Loading XML bean definitions from ServletContext resource [/WEB-INF/context/views.xml]
INFO  [main] o.s.w.c.s.GenericWebApplicationContext 2017-10-08 13:36:13,875 - Refreshing org.springframework.web.context.support.GenericWebApplicationContext@18c34745: startup date [Sun Oct 08 13:36:13 BST 2017]; parent: Root WebApplicationContext
ERROR [main] o.j.p.e.s.JasyptPBEStringEncryptionServiceImpl 2017-10-08 13:36:14,036 - Encryption key at default value.  Change it in configuration.properties for improved security!
INFO  [main] o.s.web.context.ContextLoader 2017-10-08 13:36:14,074 - Root WebApplicationContext: initialization completed in 635 ms
INFO  [ContainerBackgroundProcessor[StandardEngine[Catalina]]] o.s.w.c.s.XmlWebApplicationContext 2017-10-08 13:38:12,863 - Closing Root WebApplicationContext: startup date [Sun Oct 08 13:36:13 BST 2017]; root of context hierarchy
INFO  [ContainerBackgroundProcessor[StandardEngine[Catalina]]] o.s.w.c.s.GenericWebApplicationContext 2017-10-08 13:38:12,864 - Closing org.springframework.web.context.support.GenericWebApplicationContext@18c34745: startup date [Sun Oct 08 13:36:13 BST 2017]; parent: Root WebApplicationContext
INFO  [ContainerBackgroundProcessor[StandardEngine[Catalina]]] o.s.web.context.ContextLoader 2017-10-08 13:38:45,264 - Root WebApplicationContext: initialization started
INFO  [ContainerBackgroundProcessor[StandardEngine[Catalina]]] o.s.w.c.s.XmlWebApplicationContext 2017-10-08 13:38:45,325 - Refreshing Root WebApplicationContext: startup date [Sun Oct 08 13:38:45 BST 2017]; root of context hierarchy
INFO  [ContainerBackgroundProcessor[StandardEngine[Catalina]]] o.s.b.f.xml.XmlBeanDefinitionReader 2017-10-08 13:38:45,357 - Loading XML bean definitions from ServletContext resource [/WEB-INF/context/applicationContext.xml]
INFO  [ContainerBackgroundProcessor[StandardEngine[Catalina]]] o.s.b.f.xml.XmlBeanDefinitionReader 2017-10-08 13:38:45,603 - Loading XML bean definitions from ServletContext resource [/WEB-INF/context/casContext.xml]
INFO  [ContainerBackgroundProcessor[StandardEngine[Catalina]]] o.s.b.f.c.PropertyPlaceholderConfigurer 2017-10-08 13:38:45,715 - Loading properties file from class path resource [configuration.properties]
INFO  [ContainerBackgroundProcessor[StandardEngine[Catalina]]] o.s.b.f.xml.XmlBeanDefinitionReader 2017-10-08 13:38:45,778 - Loading XML bean definitions from ServletContext resource [/WEB-INF/context/views.xml]
INFO  [ContainerBackgroundProcessor[StandardEngine[Catalina]]] o.s.w.c.s.GenericWebApplicationContext 2017-10-08 13:38:45,786 - Refreshing org.springframework.web.context.support.GenericWebApplicationContext@fc64665: startup date [Sun Oct 08 13:38:45 BST 2017]; parent: Root WebApplicationContext
ERROR [ContainerBackgroundProcessor[StandardEngine[Catalina]]] o.j.p.e.s.JasyptPBEStringEncryptionServiceImpl 2017-10-08 13:38:45,970 - Encryption key at default value.  Change it in configuration.properties for improved security!
INFO  [ContainerBackgroundProcessor[StandardEngine[Catalina]]] o.s.web.context.ContextLoader 2017-10-08 13:38:46,010 - Root WebApplicationContext: initialization completed in 744 ms
INFO  [ContainerBackgroundProcessor[StandardEngine[Catalina]]] o.s.w.c.s.XmlWebApplicationContext 2017-10-08 13:39:51,294 - Closing Root WebApplicationContext: startup date [Sun Oct 08 13:38:45 BST 2017]; root of context hierarchy
INFO  [ContainerBackgroundProcessor[StandardEngine[Catalina]]] o.s.w.c.s.GenericWebApplicationContext 2017-10-08 13:39:51,295 - Closing org.springframework.web.context.support.GenericWebApplicationContext@fc64665: startup date [Sun Oct 08 13:38:45 BST 2017]; parent: Root WebApplicationContext
INFO  [ContainerBackgroundProcessor[StandardEngine[Catalina]]] o.s.web.context.ContextLoader 2017-10-08 13:40:23,415 - Root WebApplicationContext: initialization started
INFO  [ContainerBackgroundProcessor[StandardEngine[Catalina]]] o.s.w.c.s.XmlWebApplicationContext 2017-10-08 13:40:23,477 - Refreshing Root WebApplicationContext: startup date [Sun Oct 08 13:40:23 BST 2017]; root of context hierarchy
INFO  [ContainerBackgroundProcessor[StandardEngine[Catalina]]] o.s.b.f.xml.XmlBeanDefinitionReader 2017-10-08 13:40:23,509 - Loading XML bean definitions from ServletContext resource [/WEB-INF/context/applicationContext.xml]
INFO  [ContainerBackgroundProcessor[StandardEngine[Catalina]]] o.s.b.f.xml.XmlBeanDefinitionReader 2017-10-08 13:40:23,760 - Loading XML bean definitions from ServletContext resource [/WEB-INF/context/casContext.xml]
INFO  [ContainerBackgroundProcessor[StandardEngine[Catalina]]] o.s.b.f.c.PropertyPlaceholderConfigurer 2017-10-08 13:40:23,851 - Loading properties file from class path resource [configuration.properties]
INFO  [ContainerBackgroundProcessor[StandardEngine[Catalina]]] o.s.b.f.xml.XmlBeanDefinitionReader 2017-10-08 13:40:23,908 - Loading XML bean definitions from ServletContext resource [/WEB-INF/context/views.xml]
INFO  [ContainerBackgroundProcessor[StandardEngine[Catalina]]] o.s.w.c.s.GenericWebApplicationContext 2017-10-08 13:40:23,917 - Refreshing org.springframework.web.context.support.GenericWebApplicationContext@5039c0a7: startup date [Sun Oct 08 13:40:23 BST 2017]; parent: Root WebApplicationContext
ERROR [ContainerBackgroundProcessor[StandardEngine[Catalina]]] o.j.p.e.s.JasyptPBEStringEncryptionServiceImpl 2017-10-08 13:40:24,080 - Encryption key at default value.  Change it in configuration.properties for improved security!
INFO  [ContainerBackgroundProcessor[StandardEngine[Catalina]]] o.s.web.context.ContextLoader 2017-10-08 13:40:24,118 - Root WebApplicationContext: initialization completed in 702 ms
INFO  [main] o.s.w.c.s.XmlWebApplicationContext 2017-10-08 13:41:40,859 - Closing Root WebApplicationContext: startup date [Sun Oct 08 13:40:23 BST 2017]; root of context hierarchy
INFO  [main] o.s.w.c.s.GenericWebApplicationContext 2017-10-08 13:41:40,861 - Closing org.springframework.web.context.support.GenericWebApplicationContext@5039c0a7: startup date [Sun Oct 08 13:40:23 BST 2017]; parent: Root WebApplicationContext
INFO  [main] o.s.web.context.ContextLoader 2017-10-08 13:43:04,746 - Root WebApplicationContext: initialization started
INFO  [main] o.s.w.c.s.XmlWebApplicationContext 2017-10-08 13:43:04,809 - Refreshing Root WebApplicationContext: startup date [Sun Oct 08 13:43:04 BST 2017]; root of context hierarchy
INFO  [main] o.s.b.f.xml.XmlBeanDefinitionReader 2017-10-08 13:43:04,840 - Loading XML bean definitions from ServletContext resource [/WEB-INF/context/applicationContext.xml]
INFO  [main] o.s.b.f.xml.XmlBeanDefinitionReader 2017-10-08 13:43:05,055 - Loading XML bean definitions from ServletContext resource [/WEB-INF/context/casContext.xml]
INFO  [main] o.s.b.f.c.PropertyPlaceholderConfigurer 2017-10-08 13:43:05,140 - Loading properties file from class path resource [configuration.properties]
INFO  [main] o.s.b.f.xml.XmlBeanDefinitionReader 2017-10-08 13:43:05,191 - Loading XML bean definitions from ServletContext resource [/WEB-INF/context/views.xml]
INFO  [main] o.s.w.c.s.GenericWebApplicationContext 2017-10-08 13:43:05,199 - Refreshing org.springframework.web.context.support.GenericWebApplicationContext@66edc22e: startup date [Sun Oct 08 13:43:05 BST 2017]; parent: Root WebApplicationContext
ERROR [main] o.j.p.e.s.JasyptPBEStringEncryptionServiceImpl 2017-10-08 13:43:05,364 - Encryption key at default value.  Change it in configuration.properties for improved security!
INFO  [main] o.s.web.context.ContextLoader 2017-10-08 13:43:05,403 - Root WebApplicationContext: initialization completed in 655 ms
INFO  [main] o.s.w.c.s.XmlWebApplicationContext 2017-10-08 13:46:45,436 - Closing Root WebApplicationContext: startup date [Sun Oct 08 13:43:04 BST 2017]; root of context hierarchy
INFO  [main] o.s.w.c.s.GenericWebApplicationContext 2017-10-08 13:46:45,436 - Closing org.springframework.web.context.support.GenericWebApplicationContext@66edc22e: startup date [Sun Oct 08 13:43:05 BST 2017]; parent: Root WebApplicationContext
INFO  [main] o.s.web.context.ContextLoader 2017-10-08 13:50:39,373 - Root WebApplicationContext: initialization started
INFO  [main] o.s.w.c.s.XmlWebApplicationContext 2017-10-08 13:50:39,425 - Refreshing Root WebApplicationContext: startup date [Sun Oct 08 13:50:39 BST 2017]; root of context hierarchy
INFO  [main] o.s.b.f.xml.XmlBeanDefinitionReader 2017-10-08 13:50:39,453 - Loading XML bean definitions from ServletContext resource [/WEB-INF/context/applicationContext.xml]
INFO  [main] o.s.b.f.xml.XmlBeanDefinitionReader 2017-10-08 13:50:39,664 - Loading XML bean definitions from ServletContext resource [/WEB-INF/context/casContext.xml]
INFO  [main] o.s.b.f.c.PropertyPlaceholderConfigurer 2017-10-08 13:50:39,748 - Loading properties file from class path resource [configuration.properties]
INFO  [main] o.s.b.f.xml.XmlBeanDefinitionReader 2017-10-08 13:50:39,798 - Loading XML bean definitions from ServletContext resource [/WEB-INF/context/views.xml]
INFO  [main] o.s.w.c.s.GenericWebApplicationContext 2017-10-08 13:50:39,806 - Refreshing org.springframework.web.context.support.GenericWebApplicationContext@875feb: startup date [Sun Oct 08 13:50:39 BST 2017]; parent: Root WebApplicationContext
ERROR [main] o.j.p.e.s.JasyptPBEStringEncryptionServiceImpl 2017-10-08 13:50:39,971 - Encryption key at default value.  Change it in configuration.properties for improved security!
INFO  [main] o.s.web.context.ContextLoader 2017-10-08 13:50:40,010 - Root WebApplicationContext: initialization completed in 636 ms
INFO  [ContainerBackgroundProcessor[StandardEngine[Catalina]]] o.s.w.c.s.XmlWebApplicationContext 2017-10-08 14:03:00,010 - Closing Root WebApplicationContext: startup date [Sun Oct 08 13:50:39 BST 2017]; root of context hierarchy
INFO  [ContainerBackgroundProcessor[StandardEngine[Catalina]]] o.s.w.c.s.GenericWebApplicationContext 2017-10-08 14:03:00,011 - Closing org.springframework.web.context.support.GenericWebApplicationContext@875feb: startup date [Sun Oct 08 13:50:39 BST 2017]; parent: Root WebApplicationContext
INFO  [ContainerBackgroundProcessor[StandardEngine[Catalina]]] o.s.web.context.ContextLoader 2017-10-08 14:03:29,921 - Root WebApplicationContext: initialization started
INFO  [ContainerBackgroundProcessor[StandardEngine[Catalina]]] o.s.w.c.s.XmlWebApplicationContext 2017-10-08 14:03:29,986 - Refreshing Root WebApplicationContext: startup date [Sun Oct 08 14:03:29 BST 2017]; root of context hierarchy
INFO  [ContainerBackgroundProcessor[StandardEngine[Catalina]]] o.s.b.f.xml.XmlBeanDefinitionReader 2017-10-08 14:03:30,018 - Loading XML bean definitions from ServletContext resource [/WEB-INF/context/applicationContext.xml]
INFO  [ContainerBackgroundProcessor[StandardEngine[Catalina]]] o.s.b.f.xml.XmlBeanDefinitionReader 2017-10-08 14:03:30,405 - Loading XML bean definitions from ServletContext resource [/WEB-INF/context/casContext.xml]
INFO  [ContainerBackgroundProcessor[StandardEngine[Catalina]]] o.s.b.f.c.PropertyPlaceholderConfigurer 2017-10-08 14:03:30,499 - Loading properties file from class path resource [configuration.properties]
INFO  [ContainerBackgroundProcessor[StandardEngine[Catalina]]] o.s.b.f.xml.XmlBeanDefinitionReader 2017-10-08 14:03:30,565 - Loading XML bean definitions from ServletContext resource [/WEB-INF/context/views.xml]
INFO  [ContainerBackgroundProcessor[StandardEngine[Catalina]]] o.s.w.c.s.GenericWebApplicationContext 2017-10-08 14:03:30,573 - Refreshing org.springframework.web.context.support.GenericWebApplicationContext@6248049f: startup date [Sun Oct 08 14:03:30 BST 2017]; parent: Root WebApplicationContext
ERROR [ContainerBackgroundProcessor[StandardEngine[Catalina]]] o.j.p.e.s.JasyptPBEStringEncryptionServiceImpl 2017-10-08 14:03:30,741 - Encryption key at default value.  Change it in configuration.properties for improved security!
INFO  [ContainerBackgroundProcessor[StandardEngine[Catalina]]] o.s.web.context.ContextLoader 2017-10-08 14:03:30,780 - Root WebApplicationContext: initialization completed in 856 ms
INFO  [main] o.s.web.context.ContextLoader 2017-10-08 14:04:49,464 - Root WebApplicationContext: initialization started
INFO  [main] o.s.w.c.s.XmlWebApplicationContext 2017-10-08 14:04:49,515 - Refreshing Root WebApplicationContext: startup date [Sun Oct 08 14:04:49 BST 2017]; root of context hierarchy
INFO  [main] o.s.b.f.xml.XmlBeanDefinitionReader 2017-10-08 14:04:49,542 - Loading XML bean definitions from ServletContext resource [/WEB-INF/context/applicationContext.xml]
INFO  [main] o.s.b.f.xml.XmlBeanDefinitionReader 2017-10-08 14:04:49,745 - Loading XML bean definitions from ServletContext resource [/WEB-INF/context/casContext.xml]
INFO  [main] o.s.b.f.c.PropertyPlaceholderConfigurer 2017-10-08 14:04:49,827 - Loading properties file from class path resource [configuration.properties]
INFO  [main] o.s.b.f.xml.XmlBeanDefinitionReader 2017-10-08 14:04:49,877 - Loading XML bean definitions from ServletContext resource [/WEB-INF/context/views.xml]
INFO  [main] o.s.w.c.s.GenericWebApplicationContext 2017-10-08 14:04:49,885 - Refreshing org.springframework.web.context.support.GenericWebApplicationContext@7e00439: startup date [Sun Oct 08 14:04:49 BST 2017]; parent: Root WebApplicationContext
ERROR [main] o.j.p.e.s.JasyptPBEStringEncryptionServiceImpl 2017-10-08 14:04:50,041 - Encryption key at default value.  Change it in configuration.properties for improved security!
INFO  [main] o.s.web.context.ContextLoader 2017-10-08 14:04:50,078 - Root WebApplicationContext: initialization completed in 612 ms
INFO  [main] o.s.w.c.s.XmlWebApplicationContext 2017-10-08 14:05:02,019 - Closing Root WebApplicationContext: startup date [Sun Oct 08 14:04:49 BST 2017]; root of context hierarchy
INFO  [main] o.s.w.c.s.GenericWebApplicationContext 2017-10-08 14:05:02,020 - Closing org.springframework.web.context.support.GenericWebApplicationContext@7e00439: startup date [Sun Oct 08 14:04:49 BST 2017]; parent: Root WebApplicationContext
INFO  [main] o.s.w.c.s.XmlWebApplicationContext 2017-10-08 15:36:37,105 - Closing Root WebApplicationContext: startup date [Sun Oct 08 14:03:29 BST 2017]; root of context hierarchy
INFO  [main] o.s.w.c.s.GenericWebApplicationContext 2017-10-08 15:36:37,106 - Closing org.springframework.web.context.support.GenericWebApplicationContext@6248049f: startup date [Sun Oct 08 14:03:30 BST 2017]; parent: Root WebApplicationContext
INFO  [main] o.s.web.context.ContextLoader 2017-10-08 15:40:18,153 - Root WebApplicationContext: initialization started
INFO  [main] o.s.w.c.s.XmlWebApplicationContext 2017-10-08 15:40:18,206 - Refreshing Root WebApplicationContext: startup date [Sun Oct 08 15:40:18 BST 2017]; root of context hierarchy
INFO  [main] o.s.b.f.xml.XmlBeanDefinitionReader 2017-10-08 15:40:18,233 - Loading XML bean definitions from ServletContext resource [/WEB-INF/context/applicationContext.xml]
INFO  [main] o.s.b.f.xml.XmlBeanDefinitionReader 2017-10-08 15:40:18,445 - Loading XML bean definitions from ServletContext resource [/WEB-INF/context/casContext.xml]
INFO  [main] o.s.b.f.c.PropertyPlaceholderConfigurer 2017-10-08 15:40:18,530 - Loading properties file from class path resource [configuration.properties]
INFO  [main] o.s.b.f.xml.XmlBeanDefinitionReader 2017-10-08 15:40:18,581 - Loading XML bean definitions from ServletContext resource [/WEB-INF/context/views.xml]
INFO  [main] o.s.w.c.s.GenericWebApplicationContext 2017-10-08 15:40:18,589 - Refreshing org.springframework.web.context.support.GenericWebApplicationContext@bef6ec2: startup date [Sun Oct 08 15:40:18 BST 2017]; parent: Root WebApplicationContext
ERROR [main] o.j.p.e.s.JasyptPBEStringEncryptionServiceImpl 2017-10-08 15:40:18,754 - Encryption key at default value.  Change it in configuration.properties for improved security!
INFO  [main] o.s.web.context.ContextLoader 2017-10-08 15:40:18,792 - Root WebApplicationContext: initialization completed in 637 ms
INFO  [main] o.s.w.c.s.XmlWebApplicationContext 2017-10-08 15:43:07,829 - Closing Root WebApplicationContext: startup date [Sun Oct 08 15:40:18 BST 2017]; root of context hierarchy
INFO  [main] o.s.w.c.s.GenericWebApplicationContext 2017-10-08 15:43:07,830 - Closing org.springframework.web.context.support.GenericWebApplicationContext@bef6ec2: startup date [Sun Oct 08 15:40:18 BST 2017]; parent: Root WebApplicationContext
INFO  [main] o.s.web.context.ContextLoader 2017-10-08 15:44:34,207 - Root WebApplicationContext: initialization started
INFO  [main] o.s.w.c.s.XmlWebApplicationContext 2017-10-08 15:44:34,261 - Refreshing Root WebApplicationContext: startup date [Sun Oct 08 15:44:34 BST 2017]; root of context hierarchy
INFO  [main] o.s.b.f.xml.XmlBeanDefinitionReader 2017-10-08 15:44:34,289 - Loading XML bean definitions from ServletContext resource [/WEB-INF/context/applicationContext.xml]
INFO  [main] o.s.b.f.xml.XmlBeanDefinitionReader 2017-10-08 15:44:34,493 - Loading XML bean definitions from ServletContext resource [/WEB-INF/context/casContext.xml]
INFO  [main] o.s.b.f.c.PropertyPlaceholderConfigurer 2017-10-08 15:44:34,577 - Loading properties file from class path resource [configuration.properties]
INFO  [main] o.s.b.f.xml.XmlBeanDefinitionReader 2017-10-08 15:44:34,627 - Loading XML bean definitions from ServletContext resource [/WEB-INF/context/views.xml]
INFO  [main] o.s.w.c.s.GenericWebApplicationContext 2017-10-08 15:44:34,635 - Refreshing org.springframework.web.context.support.GenericWebApplicationContext@2b4313c2: startup date [Sun Oct 08 15:44:34 BST 2017]; parent: Root WebApplicationContext
ERROR [main] o.j.p.e.s.JasyptPBEStringEncryptionServiceImpl 2017-10-08 15:44:34,792 - Encryption key at default value.  Change it in configuration.properties for improved security!
INFO  [main] o.s.web.context.ContextLoader 2017-10-08 15:44:34,829 - Root WebApplicationContext: initialization completed in 620 ms
INFO  [main] o.s.w.c.s.XmlWebApplicationContext 2017-10-08 15:46:28,168 - Closing Root WebApplicationContext: startup date [Sun Oct 08 15:44:34 BST 2017]; root of context hierarchy
INFO  [main] o.s.w.c.s.GenericWebApplicationContext 2017-10-08 15:46:28,169 - Closing org.springframework.web.context.support.GenericWebApplicationContext@2b4313c2: startup date [Sun Oct 08 15:44:34 BST 2017]; parent: Root WebApplicationContext
INFO  [main] o.s.web.context.ContextLoader 2017-10-08 15:54:43,890 - Root WebApplicationContext: initialization started
INFO  [main] o.s.w.c.s.XmlWebApplicationContext 2017-10-08 15:54:43,944 - Refreshing Root WebApplicationContext: startup date [Sun Oct 08 15:54:43 BST 2017]; root of context hierarchy
INFO  [main] o.s.b.f.xml.XmlBeanDefinitionReader 2017-10-08 15:54:43,971 - Loading XML bean definitions from ServletContext resource [/WEB-INF/context/applicationContext.xml]
INFO  [main] o.s.b.f.xml.XmlBeanDefinitionReader 2017-10-08 15:54:44,178 - Loading XML bean definitions from ServletContext resource [/WEB-INF/context/casContext.xml]
INFO  [main] o.s.b.f.c.PropertyPlaceholderConfigurer 2017-10-08 15:54:44,260 - Loading properties file from class path resource [configuration.properties]
INFO  [main] o.s.b.f.xml.XmlBeanDefinitionReader 2017-10-08 15:54:44,310 - Loading XML bean definitions from ServletContext resource [/WEB-INF/context/views.xml]
INFO  [main] o.s.w.c.s.GenericWebApplicationContext 2017-10-08 15:54:44,319 - Refreshing org.springframework.web.context.support.GenericWebApplicationContext@7d14e3cc: startup date [Sun Oct 08 15:54:44 BST 2017]; parent: Root WebApplicationContext
ERROR [main] o.j.p.e.s.JasyptPBEStringEncryptionServiceImpl 2017-10-08 15:54:44,483 - Encryption key at default value.  Change it in configuration.properties for improved security!
INFO  [main] o.s.web.context.ContextLoader 2017-10-08 15:54:44,528 - Root WebApplicationContext: initialization completed in 636 ms
INFO  [Timer-51] o.s.web.portlet.DispatcherPortlet 2017-10-08 15:54:44,557 - Initializing portlet 'demo-email-preview'
INFO  [Timer-51] o.s.web.portlet.DispatcherPortlet 2017-10-08 15:54:44,567 - FrameworkPortlet 'demo-email-preview': initialization started
INFO  [Timer-51] o.s.w.p.c.XmlPortletApplicationContext 2017-10-08 15:54:44,571 - Refreshing PortletApplicationContext for namespace 'demo-email-preview-portlet': startup date [Sun Oct 08 15:54:44 BST 2017]; parent: Root WebApplicationContext
INFO  [Timer-51] o.s.b.f.xml.XmlBeanDefinitionReader 2017-10-08 15:54:44,572 - Loading XML bean definitions from PortletContext resource [/WEB-INF/context/portlet/demo-email-preview.xml]
INFO  [Timer-51] o.s.web.portlet.DispatcherPortlet 2017-10-08 15:54:44,754 - FrameworkPortlet 'demo-email-preview': initialization completed in 187 ms
INFO  [Timer-51] o.s.web.portlet.DispatcherPortlet 2017-10-08 15:54:44,754 - Portlet 'demo-email-preview' configured successfully
INFO  [Timer-52] o.s.web.portlet.DispatcherPortlet 2017-10-08 15:54:44,757 - Initializing portlet 'email-preview'
INFO  [Timer-52] o.s.web.portlet.DispatcherPortlet 2017-10-08 15:54:44,759 - FrameworkPortlet 'email-preview': initialization started
INFO  [Timer-52] o.s.w.p.c.XmlPortletApplicationContext 2017-10-08 15:54:44,759 - Refreshing PortletApplicationContext for namespace 'email-preview-portlet': startup date [Sun Oct 08 15:54:44 BST 2017]; parent: Root WebApplicationContext
INFO  [Timer-52] o.s.b.f.xml.XmlBeanDefinitionReader 2017-10-08 15:54:44,760 - Loading XML bean definitions from PortletContext resource [/WEB-INF/context/portlet/email-preview.xml]
INFO  [Timer-52] o.s.c.e.EhCacheManagerFactoryBean 2017-10-08 15:54:44,867 - Initializing EhCache CacheManager
INFO  [Timer-52] o.s.w.s.saaj.SaajSoapMessageFactory 2017-10-08 15:54:45,041 - Creating SAAJ 1.3 MessageFactory with SOAP 1.1 Protocol
INFO  [Timer-52] o.s.oxm.jaxb.Jaxb2Marshaller 2017-10-08 15:54:45,053 - Creating JAXBContext with context path [com.microsoft.exchange.messages:com.microsoft.exchange.types:com.microsoft.exchange.autodiscover]
INFO  [Timer-52] o.s.w.s.saaj.SaajSoapMessageFactory 2017-10-08 15:54:45,636 - Creating SAAJ 1.3 MessageFactory with SOAP 1.1 Protocol
INFO  [Timer-52] o.s.w.s.saaj.SaajSoapMessageFactory 2017-10-08 15:54:45,644 - Creating SAAJ 1.3 MessageFactory with SOAP 1.1 Protocol
INFO  [Timer-52] o.s.web.portlet.DispatcherPortlet 2017-10-08 15:54:45,660 - FrameworkPortlet 'email-preview': initialization completed in 901 ms
INFO  [Timer-52] o.s.web.portlet.DispatcherPortlet 2017-10-08 15:54:45,660 - Portlet 'email-preview' configured successfully
